This is pdfTeX, Version 3.141592653-2.6-1.40.26 (MiKTeX 24.4) (preloaded format=pdflatex 2025.2.25)  25 DEC 2025 21:39
entering extended mode
 restricted \write18 enabled.
 %&-line parsing enabled.
**./main.tex
(main.tex
LaTeX2e <2024-11-01> patch level 2
L3 programming layer <2025-01-18>
(preamble.tex
(C:\Users\pablo\AppData\Local\Programs\MiKTeX2\tex/latex/base\book.cls
Document Class: book 2024/06/29 v1.4n Standard LaTeX document class
(C:\Users\pablo\AppData\Local\Programs\MiKTeX2\tex/latex/base\bk12.clo
File: bk12.clo 2024/06/29 v1.4n Standard LaTeX file (size option)
)
\c@part=\count196
\c@chapter=\count197
\c@section=\count198
\c@subsection=\count199
\c@subsubsection=\count266
\c@paragraph=\count267
\c@subparagraph=\count268
\c@figure=\count269
\c@table=\count270
\abovecaptionskip=\skip49
\belowcaptionskip=\skip50
\bibindent=\dimen141
)
(C:\Users\pablo\AppData\Local\Programs\MiKTeX2\tex/generic/babel\babel.sty
Package: babel 2025/02/14 v25.4 The multilingual framework for pdfLaTeX, LuaLaT
eX and XeLaTeX
\babel@savecnt=\count271
\U@D=\dimen142
\l@unhyphenated=\language79

(C:\Users\pablo\AppData\Local\Programs\MiKTeX2\tex/generic/babel\txtbabel.def)
\bbl@readstream=\read2
\bbl@dirlevel=\count272

*************************************
* Local config file bblopts.cfg used
*
(C:\Users\pablo\AppData\Local\Programs\MiKTeX2\tex/latex/arabi\bblopts.cfg
File: bblopts.cfg 2005/09/08 v0.1 add Arabic and Farsi to "declared" options of
 babel
)
(C:\Users\pablo\AppData\Local\Programs\MiKTeX2\tex/latex/babel-spanish\spanish.
ldf
Language: spanish.ldf 2021/05/27 v5.0q Spanish support from the babel system
\es@quottoks=\toks17
\es@quotdepth=\count273
Package babel Info: Making " an active character on input line 570.
Package babel Info: Making . an active character on input line 675.
Package babel Info: Making < an active character on input line 722.
Package babel Info: Making > an active character on input line 722.
))
(C:\Users\pablo\AppData\Local\Programs\MiKTeX2\tex/generic/babel/locale/es\babe
l-spanish.tex
Package babel Info: Importing font and identification data for spanish
(babel)             from babel-es.ini. Reported on input line 11.
)
(C:\Users\pablo\AppData\Local\Programs\MiKTeX2\tex/latex/base\inputenc.sty
Package: inputenc 2024/02/08 v1.3d Input encoding file
\inpenc@prehook=\toks18
\inpenc@posthook=\toks19
)
(C:\Users\pablo\AppData\Local\Programs\MiKTeX2\tex/latex/base\fontenc.sty
Package: fontenc 2021/04/29 v2.0v Standard LaTeX package
)
(C:\Users\pablo\AppData\Local\Programs\MiKTeX2\tex/latex/amsmath\amsmath.sty
Package: amsmath 2024/11/05 v2.17t AMS math features
\@mathmargin=\skip51

For additional information on amsmath, use the `?' option.
(C:\Users\pablo\AppData\Local\Programs\MiKTeX2\tex/latex/amsmath\amstext.sty
Package: amstext 2021/08/26 v2.01 AMS text

(C:\Users\pablo\AppData\Local\Programs\MiKTeX2\tex/latex/amsmath\amsgen.sty
File: amsgen.sty 1999/11/30 v2.0 generic functions
\@emptytoks=\toks20
\ex@=\dimen143
))
(C:\Users\pablo\AppData\Local\Programs\MiKTeX2\tex/latex/amsmath\amsbsy.sty
Package: amsbsy 1999/11/29 v1.2d Bold Symbols
\pmbraise@=\dimen144
)
(C:\Users\pablo\AppData\Local\Programs\MiKTeX2\tex/latex/amsmath\amsopn.sty
Package: amsopn 2022/04/08 v2.04 operator names
)
\inf@bad=\count274
LaTeX Info: Redefining \frac on input line 233.
\uproot@=\count275
\leftroot@=\count276
LaTeX Info: Redefining \overline on input line 398.
LaTeX Info: Redefining \colon on input line 409.
\classnum@=\count277
\DOTSCASE@=\count278
LaTeX Info: Redefining \ldots on input line 495.
LaTeX Info: Redefining \dots on input line 498.
LaTeX Info: Redefining \cdots on input line 619.
\Mathstrutbox@=\box52
\strutbox@=\box53
LaTeX Info: Redefining \big on input line 721.
LaTeX Info: Redefining \Big on input line 722.
LaTeX Info: Redefining \bigg on input line 723.
LaTeX Info: Redefining \Bigg on input line 724.
\big@size=\dimen145
LaTeX Font Info:    Redeclaring font encoding OML on input line 742.
LaTeX Font Info:    Redeclaring font encoding OMS on input line 743.
\macc@depth=\count279
LaTeX Info: Redefining \bmod on input line 904.
LaTeX Info: Redefining \pmod on input line 909.
LaTeX Info: Redefining \smash on input line 939.
LaTeX Info: Redefining \relbar on input line 969.
LaTeX Info: Redefining \Relbar on input line 970.
\c@MaxMatrixCols=\count280
\dotsspace@=\muskip17
\c@parentequation=\count281
\dspbrk@lvl=\count282
\tag@help=\toks21
\row@=\count283
\column@=\count284
\maxfields@=\count285
\andhelp@=\toks22
\eqnshift@=\dimen146
\alignsep@=\dimen147
\tagshift@=\dimen148
\tagwidth@=\dimen149
\totwidth@=\dimen150
\lineht@=\dimen151
\@envbody=\toks23
\multlinegap=\skip52
\multlinetaggap=\skip53
\mathdisplay@stack=\toks24
LaTeX Info: Redefining \[ on input line 2953.
LaTeX Info: Redefining \] on input line 2954.
)
(C:\Users\pablo\AppData\Local\Programs\MiKTeX2\tex/latex/amsfonts\amssymb.sty
Package: amssymb 2013/01/14 v3.01 AMS font symbols

(C:\Users\pablo\AppData\Local\Programs\MiKTeX2\tex/latex/amsfonts\amsfonts.sty
Package: amsfonts 2013/01/14 v3.01 Basic AMSFonts support
\symAMSa=\mathgroup4
\symAMSb=\mathgroup5
LaTeX Font Info:    Redeclaring math symbol \hbar on input line 98.
LaTeX Font Info:    Overwriting math alphabet `\mathfrak' in version `bold'
(Font)                  U/euf/m/n --> U/euf/b/n on input line 106.
)) (C:\Users\pablo\AppData\Local\Programs\MiKTeX2\tex/latex/amscls\amsthm.sty
Package: amsthm 2020/05/29 v2.20.6
\thm@style=\toks25
\thm@bodyfont=\toks26
\thm@headfont=\toks27
\thm@notefont=\toks28
\thm@headpunct=\toks29
\thm@preskip=\skip54
\thm@postskip=\skip55
\thm@headsep=\skip56
\dth@everypar=\toks30
)
(C:\Users\pablo\AppData\Local\Programs\MiKTeX2\tex/latex/siunitx\siunitx.sty
Package: siunitx 2025-02-19 v3.4.5 A comprehensive (SI) units package
\l__siunitx_number_uncert_offset_int=\count286
\l__siunitx_number_exponent_fixed_int=\count287
\l__siunitx_number_min_decimal_int=\count288
\l__siunitx_number_min_integer_int=\count289
\l__siunitx_number_round_precision_int=\count290
\l__siunitx_number_lower_threshold_int=\count291
\l__siunitx_number_upper_threshold_int=\count292
\l__siunitx_number_group_first_int=\count293
\l__siunitx_number_group_size_int=\count294
\l__siunitx_number_group_minimum_int=\count295
\l__siunitx_angle_tmp_dim=\dimen152
\l__siunitx_angle_marker_box=\box54
\l__siunitx_angle_unit_box=\box55
\l__siunitx_compound_count_int=\count296

(C:\Users\pablo\AppData\Local\Programs\MiKTeX2\tex/latex/translations\translati
ons.sty
Package: translations 2022/02/05 v1.12 internationalization of LaTeX2e packages
 (CN)

(C:\Users\pablo\AppData\Local\Programs\MiKTeX2\tex/latex/etoolbox\etoolbox.sty
Package: etoolbox 2025/02/11 v2.5l e-TeX tools for LaTeX (JAW)
\etb@tempcnta=\count297
)
(C:\Users\pablo\AppData\Local\Programs\MiKTeX2\tex/generic/pdftexcmds\pdftexcmd
s.sty
Package: pdftexcmds 2020-06-27 v0.33 Utility functions of pdfTeX for LuaTeX (HO
)

(C:\Users\pablo\AppData\Local\Programs\MiKTeX2\tex/generic/infwarerr\infwarerr.
sty
Package: infwarerr 2019/12/03 v1.5 Providing info/warning/error messages (HO)
) (C:\Users\pablo\AppData\Local\Programs\MiKTeX2\tex/generic/iftex\iftex.sty
Package: iftex 2024/12/12 v1.0g TeX engine tests
)
(C:\Users\pablo\AppData\Local\Programs\MiKTeX2\tex/generic/ltxcmds\ltxcmds.sty
Package: ltxcmds 2023-12-04 v1.26 LaTeX kernel commands for general use (HO)
)
Package pdftexcmds Info: \pdf@primitive is available.
Package pdftexcmds Info: \pdf@ifprimitive is available.
Package pdftexcmds Info: \pdfdraftmode found.
))
\l__siunitx_table_tmp_box=\box56
\l__siunitx_table_tmp_dim=\dimen153
\l__siunitx_table_column_width_dim=\dimen154
\l__siunitx_table_integer_box=\box57
\l__siunitx_table_decimal_box=\box58
\l__siunitx_table_uncert_box=\box59
\l__siunitx_table_before_box=\box60
\l__siunitx_table_after_box=\box61
\l__siunitx_table_before_dim=\dimen155
\l__siunitx_table_carry_dim=\dimen156
\l__siunitx_unit_tmp_int=\count298
\l__siunitx_unit_position_int=\count299
\l__siunitx_unit_total_int=\count300
 (C:\Users\pablo\AppData\Local\Programs\MiKTeX2\tex/latex/tools\array.sty
Package: array 2024/10/17 v2.6g Tabular extension package (FMi)
\col@sep=\dimen157
\ar@mcellbox=\box62
\extrarowheight=\dimen158
\NC@list=\toks31
\extratabsurround=\skip57
\backup@length=\skip58
\ar@cellbox=\box63
))
(C:\Users\pablo\AppData\Local\Programs\MiKTeX2\tex/latex/mathtools\mathtools.st
y
Package: mathtools 2024/10/04 v1.31 mathematical typesetting tools
 (C:\Users\pablo\AppData\Local\Programs\MiKTeX2\tex/latex/graphics\keyval.sty
Package: keyval 2022/05/29 v1.15 key=value parser (DPC)
\KV@toks@=\toks32
) (C:\Users\pablo\AppData\Local\Programs\MiKTeX2\tex/latex/tools\calc.sty
Package: calc 2023/07/08 v4.3 Infix arithmetic (KKT,FJ)
\calc@Acount=\count301
\calc@Bcount=\count302
\calc@Adimen=\dimen159
\calc@Bdimen=\dimen160
\calc@Askip=\skip59
\calc@Bskip=\skip60
LaTeX Info: Redefining \setlength on input line 80.
LaTeX Info: Redefining \addtolength on input line 81.
\calc@Ccount=\count303
\calc@Cskip=\skip61
)
(C:\Users\pablo\AppData\Local\Programs\MiKTeX2\tex/latex/mathtools\mhsetup.sty
Package: mhsetup 2021/03/18 v1.4 programming setup (MH)
)
\g_MT_multlinerow_int=\count304
\l_MT_multwidth_dim=\dimen161
\origjot=\skip62
\l_MT_shortvdotswithinadjustabove_dim=\dimen162
\l_MT_shortvdotswithinadjustbelow_dim=\dimen163
\l_MT_above_intertext_sep=\dimen164
\l_MT_below_intertext_sep=\dimen165
\l_MT_above_shortintertext_sep=\dimen166
\l_MT_below_shortintertext_sep=\dimen167
\xmathstrut@box=\box64
\xmathstrut@dim=\dimen168
)
(C:\Users\pablo\AppData\Local\Programs\MiKTeX2\tex/latex/graphics\graphicx.sty
Package: graphicx 2021/09/16 v1.2d Enhanced LaTeX Graphics (DPC,SPQR)

(C:\Users\pablo\AppData\Local\Programs\MiKTeX2\tex/latex/graphics\graphics.sty
Package: graphics 2024/08/06 v1.4g Standard LaTeX Graphics (DPC,SPQR)

(C:\Users\pablo\AppData\Local\Programs\MiKTeX2\tex/latex/graphics\trig.sty
Package: trig 2023/12/02 v1.11 sin cos tan (DPC)
)
(C:\Users\pablo\AppData\Local\Programs\MiKTeX2\tex/latex/graphics-cfg\graphics.
cfg
File: graphics.cfg 2016/06/04 v1.11 sample graphics configuration
)
Package graphics Info: Driver file: pdftex.def on input line 106.

(C:\Users\pablo\AppData\Local\Programs\MiKTeX2\tex/latex/graphics-def\pdftex.de
f
File: pdftex.def 2024/04/13 v1.2c Graphics/color driver for pdftex
))
\Gin@req@height=\dimen169
\Gin@req@width=\dimen170
)
(C:\Users\pablo\AppData\Local\Programs\MiKTeX2\tex/latex/wrapfig\wrapfig.sty
\wrapoverhang=\dimen171
\WF@size=\dimen172
\c@WF@wrappedlines=\count305
\WF@box=\box65
\WF@everypar=\toks33
Package: wrapfig 2003/01/31  v 3.6
)
(C:\Users\pablo\AppData\Local\Programs\MiKTeX2\tex/latex/caption\subcaption.sty
Package: subcaption 2023/07/28 v1.6b Sub-captions (AR)
(C:\Users\pablo\AppData\Local\Programs\MiKTeX2\tex/latex/caption\caption.sty
Package: caption 2023/08/05 v3.6o Customizing captions (AR)

(C:\Users\pablo\AppData\Local\Programs\MiKTeX2\tex/latex/caption\caption3.sty
Package: caption3 2023/07/31 v2.4d caption3 kernel (AR)
\caption@tempdima=\dimen173
\captionmargin=\dimen174
\caption@leftmargin=\dimen175
\caption@rightmargin=\dimen176
\caption@width=\dimen177
\caption@indent=\dimen178
\caption@parindent=\dimen179
\caption@hangindent=\dimen180
Package caption Info: Standard document class detected.
)
\c@caption@flags=\count306
\c@continuedfloat=\count307
Package caption Info: wrapfig package is loaded.
)
Package caption Info: New subtype `subfigure' on input line 238.
\c@subfigure=\count308
Package caption Info: New subtype `subtable' on input line 238.
\c@subtable=\count309
)
(C:\Users\pablo\AppData\Local\Programs\MiKTeX2\tex/latex/pgf/frontendlayer\tikz
.sty
(C:\Users\pablo\AppData\Local\Programs\MiKTeX2\tex/latex/pgf/basiclayer\pgf.sty

(C:\Users\pablo\AppData\Local\Programs\MiKTeX2\tex/latex/pgf/utilities\pgfrcs.s
ty
(C:\Users\pablo\AppData\Local\Programs\MiKTeX2\tex/generic/pgf/utilities\pgfuti
l-common.tex
\pgfutil@everybye=\toks34
\pgfutil@tempdima=\dimen181
\pgfutil@tempdimb=\dimen182
)
(C:\Users\pablo\AppData\Local\Programs\MiKTeX2\tex/generic/pgf/utilities\pgfuti
l-latex.def
\pgfutil@abb=\box66
)
(C:\Users\pablo\AppData\Local\Programs\MiKTeX2\tex/generic/pgf/utilities\pgfrcs
.code.tex
(C:\Users\pablo\AppData\Local\Programs\MiKTeX2\tex/generic/pgf\pgf.revision.tex
)
Package: pgfrcs 2023-01-15 v3.1.10 (3.1.10)
))
Package: pgf 2023-01-15 v3.1.10 (3.1.10)

(C:\Users\pablo\AppData\Local\Programs\MiKTeX2\tex/latex/pgf/basiclayer\pgfcore
.sty
(C:\Users\pablo\AppData\Local\Programs\MiKTeX2\tex/latex/pgf/systemlayer\pgfsys
.sty
(C:\Users\pablo\AppData\Local\Programs\MiKTeX2\tex/generic/pgf/systemlayer\pgfs
ys.code.tex
Package: pgfsys 2023-01-15 v3.1.10 (3.1.10)

(C:\Users\pablo\AppData\Local\Programs\MiKTeX2\tex/generic/pgf/utilities\pgfkey
s.code.tex
\pgfkeys@pathtoks=\toks35
\pgfkeys@temptoks=\toks36

(C:\Users\pablo\AppData\Local\Programs\MiKTeX2\tex/generic/pgf/utilities\pgfkey
slibraryfiltered.code.tex
\pgfkeys@tmptoks=\toks37
))
\pgf@x=\dimen183
\pgf@y=\dimen184
\pgf@xa=\dimen185
\pgf@ya=\dimen186
\pgf@xb=\dimen187
\pgf@yb=\dimen188
\pgf@xc=\dimen189
\pgf@yc=\dimen190
\pgf@xd=\dimen191
\pgf@yd=\dimen192
\w@pgf@writea=\write3
\r@pgf@reada=\read3
\c@pgf@counta=\count310
\c@pgf@countb=\count311
\c@pgf@countc=\count312
\c@pgf@countd=\count313
\t@pgf@toka=\toks38
\t@pgf@tokb=\toks39
\t@pgf@tokc=\toks40
\pgf@sys@id@count=\count314

(C:\Users\pablo\AppData\Local\Programs\MiKTeX2\tex/generic/pgf/systemlayer\pgf.
cfg
File: pgf.cfg 2023-01-15 v3.1.10 (3.1.10)
)
Driver file for pgf: pgfsys-pdftex.def

(C:\Users\pablo\AppData\Local\Programs\MiKTeX2\tex/generic/pgf/systemlayer\pgfs
ys-pdftex.def
File: pgfsys-pdftex.def 2023-01-15 v3.1.10 (3.1.10)

(C:\Users\pablo\AppData\Local\Programs\MiKTeX2\tex/generic/pgf/systemlayer\pgfs
ys-common-pdf.def
File: pgfsys-common-pdf.def 2023-01-15 v3.1.10 (3.1.10)
)))
(C:\Users\pablo\AppData\Local\Programs\MiKTeX2\tex/generic/pgf/systemlayer\pgfs
yssoftpath.code.tex
File: pgfsyssoftpath.code.tex 2023-01-15 v3.1.10 (3.1.10)
\pgfsyssoftpath@smallbuffer@items=\count315
\pgfsyssoftpath@bigbuffer@items=\count316
)
(C:\Users\pablo\AppData\Local\Programs\MiKTeX2\tex/generic/pgf/systemlayer\pgfs
ysprotocol.code.tex
File: pgfsysprotocol.code.tex 2023-01-15 v3.1.10 (3.1.10)
))
(C:\Users\pablo\AppData\Local\Programs\MiKTeX2\tex/latex/xcolor\xcolor.sty
Package: xcolor 2024/09/29 v3.02 LaTeX color extensions (UK)

(C:\Users\pablo\AppData\Local\Programs\MiKTeX2\tex/latex/graphics-cfg\color.cfg
File: color.cfg 2016/01/02 v1.6 sample color configuration
)
Package xcolor Info: Driver file: pdftex.def on input line 274.

(C:\Users\pablo\AppData\Local\Programs\MiKTeX2\tex/latex/graphics\mathcolor.ltx
)
Package xcolor Info: Model `cmy' substituted by `cmy0' on input line 1349.
Package xcolor Info: Model `hsb' substituted by `rgb' on input line 1353.
Package xcolor Info: Model `RGB' extended on input line 1365.
Package xcolor Info: Model `HTML' substituted by `rgb' on input line 1367.
Package xcolor Info: Model `Hsb' substituted by `hsb' on input line 1368.
Package xcolor Info: Model `tHsb' substituted by `hsb' on input line 1369.
Package xcolor Info: Model `HSB' substituted by `hsb' on input line 1370.
Package xcolor Info: Model `Gray' substituted by `gray' on input line 1371.
Package xcolor Info: Model `wave' substituted by `hsb' on input line 1372.
)
(C:\Users\pablo\AppData\Local\Programs\MiKTeX2\tex/generic/pgf/basiclayer\pgfco
re.code.tex
Package: pgfcore 2023-01-15 v3.1.10 (3.1.10)

(C:\Users\pablo\AppData\Local\Programs\MiKTeX2\tex/generic/pgf/math\pgfmath.cod
e.tex
(C:\Users\pablo\AppData\Local\Programs\MiKTeX2\tex/generic/pgf/math\pgfmathutil
.code.tex)
(C:\Users\pablo\AppData\Local\Programs\MiKTeX2\tex/generic/pgf/math\pgfmathpars
er.code.tex
\pgfmath@dimen=\dimen193
\pgfmath@count=\count317
\pgfmath@box=\box67
\pgfmath@toks=\toks41
\pgfmath@stack@operand=\toks42
\pgfmath@stack@operation=\toks43
)
(C:\Users\pablo\AppData\Local\Programs\MiKTeX2\tex/generic/pgf/math\pgfmathfunc
tions.code.tex)
(C:\Users\pablo\AppData\Local\Programs\MiKTeX2\tex/generic/pgf/math\pgfmathfunc
tions.basic.code.tex)
(C:\Users\pablo\AppData\Local\Programs\MiKTeX2\tex/generic/pgf/math\pgfmathfunc
tions.trigonometric.code.tex)
(C:\Users\pablo\AppData\Local\Programs\MiKTeX2\tex/generic/pgf/math\pgfmathfunc
tions.random.code.tex)
(C:\Users\pablo\AppData\Local\Programs\MiKTeX2\tex/generic/pgf/math\pgfmathfunc
tions.comparison.code.tex)
(C:\Users\pablo\AppData\Local\Programs\MiKTeX2\tex/generic/pgf/math\pgfmathfunc
tions.base.code.tex)
(C:\Users\pablo\AppData\Local\Programs\MiKTeX2\tex/generic/pgf/math\pgfmathfunc
tions.round.code.tex)
(C:\Users\pablo\AppData\Local\Programs\MiKTeX2\tex/generic/pgf/math\pgfmathfunc
tions.misc.code.tex)
(C:\Users\pablo\AppData\Local\Programs\MiKTeX2\tex/generic/pgf/math\pgfmathfunc
tions.integerarithmetics.code.tex)
(C:\Users\pablo\AppData\Local\Programs\MiKTeX2\tex/generic/pgf/math\pgfmathcalc
.code.tex)
(C:\Users\pablo\AppData\Local\Programs\MiKTeX2\tex/generic/pgf/math\pgfmathfloa
t.code.tex
\c@pgfmathroundto@lastzeros=\count318
))
(C:\Users\pablo\AppData\Local\Programs\MiKTeX2\tex/generic/pgf/math\pgfint.code
.tex)
(C:\Users\pablo\AppData\Local\Programs\MiKTeX2\tex/generic/pgf/basiclayer\pgfco
repoints.code.tex
File: pgfcorepoints.code.tex 2023-01-15 v3.1.10 (3.1.10)
\pgf@picminx=\dimen194
\pgf@picmaxx=\dimen195
\pgf@picminy=\dimen196
\pgf@picmaxy=\dimen197
\pgf@pathminx=\dimen198
\pgf@pathmaxx=\dimen199
\pgf@pathminy=\dimen256
\pgf@pathmaxy=\dimen257
\pgf@xx=\dimen258
\pgf@xy=\dimen259
\pgf@yx=\dimen260
\pgf@yy=\dimen261
\pgf@zx=\dimen262
\pgf@zy=\dimen263
)
(C:\Users\pablo\AppData\Local\Programs\MiKTeX2\tex/generic/pgf/basiclayer\pgfco
repathconstruct.code.tex
File: pgfcorepathconstruct.code.tex 2023-01-15 v3.1.10 (3.1.10)
\pgf@path@lastx=\dimen264
\pgf@path@lasty=\dimen265
)
(C:\Users\pablo\AppData\Local\Programs\MiKTeX2\tex/generic/pgf/basiclayer\pgfco
repathusage.code.tex
File: pgfcorepathusage.code.tex 2023-01-15 v3.1.10 (3.1.10)
\pgf@shorten@end@additional=\dimen266
\pgf@shorten@start@additional=\dimen267
)
(C:\Users\pablo\AppData\Local\Programs\MiKTeX2\tex/generic/pgf/basiclayer\pgfco
rescopes.code.tex
File: pgfcorescopes.code.tex 2023-01-15 v3.1.10 (3.1.10)
\pgfpic=\box68
\pgf@hbox=\box69
\pgf@layerbox@main=\box70
\pgf@picture@serial@count=\count319
)
(C:\Users\pablo\AppData\Local\Programs\MiKTeX2\tex/generic/pgf/basiclayer\pgfco
regraphicstate.code.tex
File: pgfcoregraphicstate.code.tex 2023-01-15 v3.1.10 (3.1.10)
\pgflinewidth=\dimen268
)
(C:\Users\pablo\AppData\Local\Programs\MiKTeX2\tex/generic/pgf/basiclayer\pgfco
retransformations.code.tex
File: pgfcoretransformations.code.tex 2023-01-15 v3.1.10 (3.1.10)
\pgf@pt@x=\dimen269
\pgf@pt@y=\dimen270
\pgf@pt@temp=\dimen271
)
(C:\Users\pablo\AppData\Local\Programs\MiKTeX2\tex/generic/pgf/basiclayer\pgfco
requick.code.tex
File: pgfcorequick.code.tex 2023-01-15 v3.1.10 (3.1.10)
)
(C:\Users\pablo\AppData\Local\Programs\MiKTeX2\tex/generic/pgf/basiclayer\pgfco
reobjects.code.tex
File: pgfcoreobjects.code.tex 2023-01-15 v3.1.10 (3.1.10)
)
(C:\Users\pablo\AppData\Local\Programs\MiKTeX2\tex/generic/pgf/basiclayer\pgfco
repathprocessing.code.tex
File: pgfcorepathprocessing.code.tex 2023-01-15 v3.1.10 (3.1.10)
)
(C:\Users\pablo\AppData\Local\Programs\MiKTeX2\tex/generic/pgf/basiclayer\pgfco
rearrows.code.tex
File: pgfcorearrows.code.tex 2023-01-15 v3.1.10 (3.1.10)
\pgfarrowsep=\dimen272
)
(C:\Users\pablo\AppData\Local\Programs\MiKTeX2\tex/generic/pgf/basiclayer\pgfco
reshade.code.tex
File: pgfcoreshade.code.tex 2023-01-15 v3.1.10 (3.1.10)
\pgf@max=\dimen273
\pgf@sys@shading@range@num=\count320
\pgf@shadingcount=\count321
)
(C:\Users\pablo\AppData\Local\Programs\MiKTeX2\tex/generic/pgf/basiclayer\pgfco
reimage.code.tex
File: pgfcoreimage.code.tex 2023-01-15 v3.1.10 (3.1.10)
)
(C:\Users\pablo\AppData\Local\Programs\MiKTeX2\tex/generic/pgf/basiclayer\pgfco
reexternal.code.tex
File: pgfcoreexternal.code.tex 2023-01-15 v3.1.10 (3.1.10)
\pgfexternal@startupbox=\box71
)
(C:\Users\pablo\AppData\Local\Programs\MiKTeX2\tex/generic/pgf/basiclayer\pgfco
relayers.code.tex
File: pgfcorelayers.code.tex 2023-01-15 v3.1.10 (3.1.10)
)
(C:\Users\pablo\AppData\Local\Programs\MiKTeX2\tex/generic/pgf/basiclayer\pgfco
retransparency.code.tex
File: pgfcoretransparency.code.tex 2023-01-15 v3.1.10 (3.1.10)
)
(C:\Users\pablo\AppData\Local\Programs\MiKTeX2\tex/generic/pgf/basiclayer\pgfco
repatterns.code.tex
File: pgfcorepatterns.code.tex 2023-01-15 v3.1.10 (3.1.10)
)
(C:\Users\pablo\AppData\Local\Programs\MiKTeX2\tex/generic/pgf/basiclayer\pgfco
rerdf.code.tex
File: pgfcorerdf.code.tex 2023-01-15 v3.1.10 (3.1.10)
)))
(C:\Users\pablo\AppData\Local\Programs\MiKTeX2\tex/generic/pgf/modules\pgfmodul
eshapes.code.tex
File: pgfmoduleshapes.code.tex 2023-01-15 v3.1.10 (3.1.10)
\pgfnodeparttextbox=\box72
)
(C:\Users\pablo\AppData\Local\Programs\MiKTeX2\tex/generic/pgf/modules\pgfmodul
eplot.code.tex
File: pgfmoduleplot.code.tex 2023-01-15 v3.1.10 (3.1.10)
)
(C:\Users\pablo\AppData\Local\Programs\MiKTeX2\tex/latex/pgf/compatibility\pgfc
omp-version-0-65.sty
Package: pgfcomp-version-0-65 2023-01-15 v3.1.10 (3.1.10)
\pgf@nodesepstart=\dimen274
\pgf@nodesepend=\dimen275
)
(C:\Users\pablo\AppData\Local\Programs\MiKTeX2\tex/latex/pgf/compatibility\pgfc
omp-version-1-18.sty
Package: pgfcomp-version-1-18 2023-01-15 v3.1.10 (3.1.10)
))
(C:\Users\pablo\AppData\Local\Programs\MiKTeX2\tex/latex/pgf/utilities\pgffor.s
ty
(C:\Users\pablo\AppData\Local\Programs\MiKTeX2\tex/latex/pgf/utilities\pgfkeys.
sty
(C:\Users\pablo\AppData\Local\Programs\MiKTeX2\tex/generic/pgf/utilities\pgfkey
s.code.tex))
(C:\Users\pablo\AppData\Local\Programs\MiKTeX2\tex/latex/pgf/math\pgfmath.sty
(C:\Users\pablo\AppData\Local\Programs\MiKTeX2\tex/generic/pgf/math\pgfmath.cod
e.tex))
(C:\Users\pablo\AppData\Local\Programs\MiKTeX2\tex/generic/pgf/utilities\pgffor
.code.tex
Package: pgffor 2023-01-15 v3.1.10 (3.1.10)
\pgffor@iter=\dimen276
\pgffor@skip=\dimen277
\pgffor@stack=\toks44
\pgffor@toks=\toks45
))
(C:\Users\pablo\AppData\Local\Programs\MiKTeX2\tex/generic/pgf/frontendlayer/ti
kz\tikz.code.tex
Package: tikz 2023-01-15 v3.1.10 (3.1.10)

(C:\Users\pablo\AppData\Local\Programs\MiKTeX2\tex/generic/pgf/libraries\pgflib
raryplothandlers.code.tex
File: pgflibraryplothandlers.code.tex 2023-01-15 v3.1.10 (3.1.10)
\pgf@plot@mark@count=\count322
\pgfplotmarksize=\dimen278
)
\tikz@lastx=\dimen279
\tikz@lasty=\dimen280
\tikz@lastxsaved=\dimen281
\tikz@lastysaved=\dimen282
\tikz@lastmovetox=\dimen283
\tikz@lastmovetoy=\dimen284
\tikzleveldistance=\dimen285
\tikzsiblingdistance=\dimen286
\tikz@figbox=\box73
\tikz@figbox@bg=\box74
\tikz@tempbox=\box75
\tikz@tempbox@bg=\box76
\tikztreelevel=\count323
\tikznumberofchildren=\count324
\tikznumberofcurrentchild=\count325
\tikz@fig@count=\count326

(C:\Users\pablo\AppData\Local\Programs\MiKTeX2\tex/generic/pgf/modules\pgfmodul
ematrix.code.tex
File: pgfmodulematrix.code.tex 2023-01-15 v3.1.10 (3.1.10)
\pgfmatrixcurrentrow=\count327
\pgfmatrixcurrentcolumn=\count328
\pgf@matrix@numberofcolumns=\count329
)
\tikz@expandcount=\count330

(C:\Users\pablo\AppData\Local\Programs\MiKTeX2\tex/generic/pgf/frontendlayer/ti
kz/libraries\tikzlibrarytopaths.code.tex
File: tikzlibrarytopaths.code.tex 2023-01-15 v3.1.10 (3.1.10)
)))
(C:\Users\pablo\AppData\Local\Programs\MiKTeX2\tex/generic/pgf/frontendlayer/ti
kz/libraries\tikzlibraryshapes.code.tex
File: tikzlibraryshapes.code.tex 2023-01-15 v3.1.10 (3.1.10)

(C:\Users\pablo\AppData\Local\Programs\MiKTeX2\tex/generic/pgf/frontendlayer/ti
kz/libraries\tikzlibraryshapes.geometric.code.tex
File: tikzlibraryshapes.geometric.code.tex 2023-01-15 v3.1.10 (3.1.10)

(C:\Users\pablo\AppData\Local\Programs\MiKTeX2\tex/generic/pgf/libraries/shapes
\pgflibraryshapes.geometric.code.tex
File: pgflibraryshapes.geometric.code.tex 2023-01-15 v3.1.10 (3.1.10)
))
(C:\Users\pablo\AppData\Local\Programs\MiKTeX2\tex/generic/pgf/frontendlayer/ti
kz/libraries\tikzlibraryshapes.misc.code.tex
File: tikzlibraryshapes.misc.code.tex 2023-01-15 v3.1.10 (3.1.10)

(C:\Users\pablo\AppData\Local\Programs\MiKTeX2\tex/generic/pgf/libraries/shapes
\pgflibraryshapes.misc.code.tex
File: pgflibraryshapes.misc.code.tex 2023-01-15 v3.1.10 (3.1.10)
))
(C:\Users\pablo\AppData\Local\Programs\MiKTeX2\tex/generic/pgf/frontendlayer/ti
kz/libraries\tikzlibraryshapes.symbols.code.tex
File: tikzlibraryshapes.symbols.code.tex 2023-01-15 v3.1.10 (3.1.10)

(C:\Users\pablo\AppData\Local\Programs\MiKTeX2\tex/generic/pgf/libraries/shapes
\pgflibraryshapes.symbols.code.tex
File: pgflibraryshapes.symbols.code.tex 2023-01-15 v3.1.10 (3.1.10)
))
(C:\Users\pablo\AppData\Local\Programs\MiKTeX2\tex/generic/pgf/frontendlayer/ti
kz/libraries\tikzlibraryshapes.arrows.code.tex
File: tikzlibraryshapes.arrows.code.tex 2023-01-15 v3.1.10 (3.1.10)

(C:\Users\pablo\AppData\Local\Programs\MiKTeX2\tex/generic/pgf/libraries/shapes
\pgflibraryshapes.arrows.code.tex
File: pgflibraryshapes.arrows.code.tex 2023-01-15 v3.1.10 (3.1.10)
))
(C:\Users\pablo\AppData\Local\Programs\MiKTeX2\tex/generic/pgf/frontendlayer/ti
kz/libraries\tikzlibraryshapes.callouts.code.tex
(C:\Users\pablo\AppData\Local\Programs\MiKTeX2\tex/generic/pgf/libraries/shapes
\pgflibraryshapes.callouts.code.tex))
(C:\Users\pablo\AppData\Local\Programs\MiKTeX2\tex/generic/pgf/frontendlayer/ti
kz/libraries\tikzlibraryshapes.multipart.code.tex
File: tikzlibraryshapes.multipart.code.tex 2023-01-15 v3.1.10 (3.1.10)

(C:\Users\pablo\AppData\Local\Programs\MiKTeX2\tex/generic/pgf/libraries/shapes
\pgflibraryshapes.multipart.code.tex
File: pgflibraryshapes.multipart.code.tex 2023-01-15 v3.1.10 (3.1.10)
\pgfnodepartlowerbox=\box77
\pgfnodeparttwobox=\box78
\pgfnodepartthreebox=\box79
\pgfnodepartfourbox=\box80
\pgfnodeparttwentybox=\box81
\pgfnodepartnineteenbox=\box82
\pgfnodeparteighteenbox=\box83
\pgfnodepartseventeenbox=\box84
\pgfnodepartsixteenbox=\box85
\pgfnodepartfifteenbox=\box86
\pgfnodepartfourteenbox=\box87
\pgfnodepartthirteenbox=\box88
\pgfnodeparttwelvebox=\box89
\pgfnodepartelevenbox=\box90
\pgfnodeparttenbox=\box91
\pgfnodepartninebox=\box92
\pgfnodeparteightbox=\box93
\pgfnodepartsevenbox=\box94
\pgfnodepartsixbox=\box95
\pgfnodepartfivebox=\box96
)))
(C:\Users\pablo\AppData\Local\Programs\MiKTeX2\tex/generic/pgf/libraries\pgflib
raryarrows.meta.code.tex
File: pgflibraryarrows.meta.code.tex 2023-01-15 v3.1.10 (3.1.10)
\pgfarrowinset=\dimen287
\pgfarrowlength=\dimen288
\pgfarrowwidth=\dimen289
\pgfarrowlinewidth=\dimen290
)
(C:\Users\pablo\AppData\Local\Programs\MiKTeX2\tex/generic/pgf/frontendlayer/ti
kz/libraries\tikzlibrarypositioning.code.tex
File: tikzlibrarypositioning.code.tex 2023-01-15 v3.1.10 (3.1.10)
)
(C:\Users\pablo\AppData\Local\Programs\MiKTeX2\tex/latex/pgfplots\pgfplots.sty
(C:\Users\pablo\AppData\Local\Programs\MiKTeX2\tex/generic/pgfplots\pgfplots.re
vision.tex)
Package: pgfplots 2021/05/15 v1.18.1 Data Visualization (1.18.1)

(C:\Users\pablo\AppData\Local\Programs\MiKTeX2\tex/generic/pgfplots\pgfplots.co
de.tex
(C:\Users\pablo\AppData\Local\Programs\MiKTeX2\tex/generic/pgfplots\pgfplotscor
e.code.tex
\t@pgfplots@toka=\toks46
\t@pgfplots@tokb=\toks47
\t@pgfplots@tokc=\toks48
\pgfplots@tmpa=\dimen291
\c@pgfplots@coordindex=\count331
\c@pgfplots@scanlineindex=\count332

(C:\Users\pablo\AppData\Local\Programs\MiKTeX2\tex/generic/pgfplots/sys\pgfplot
ssysgeneric.code.tex))
(C:\Users\pablo\AppData\Local\Programs\MiKTeX2\tex/generic/pgfplots/libs\pgfplo
tslibrary.code.tex)
(C:\Users\pablo\AppData\Local\Programs\MiKTeX2\tex/generic/pgfplots/oldpgfcompa
tib\pgfplotsoldpgfsupp_loader.code.tex
(C:\Users\pablo\AppData\Local\Programs\MiKTeX2\tex/generic/pgf/libraries\pgflib
raryfpu.code.tex)
Package pgfplots: loading complementary utilities for your pgf version...
\t@pgf@toka=\toks49
\t@pgf@tokb=\toks50
\t@pgf@tokc=\toks51

(C:\Users\pablo\AppData\Local\Programs\MiKTeX2\tex/generic/pgfplots/oldpgfcompa
tib\pgfplotsoldpgfsupp_pgfutil-common-lists.tex))
(C:\Users\pablo\AppData\Local\Programs\MiKTeX2\tex/generic/pgfplots/util\pgfplo
tsutil.code.tex
(C:\Users\pablo\AppData\Local\Programs\MiKTeX2\tex/generic/pgfplots/liststructu
re\pgfplotsliststructure.code.tex)
(C:\Users\pablo\AppData\Local\Programs\MiKTeX2\tex/generic/pgfplots/liststructu
re\pgfplotsliststructureext.code.tex)
(C:\Users\pablo\AppData\Local\Programs\MiKTeX2\tex/generic/pgfplots/liststructu
re\pgfplotsarray.code.tex
\c@pgfplotsarray@tmp=\count333
)
(C:\Users\pablo\AppData\Local\Programs\MiKTeX2\tex/generic/pgfplots/liststructu
re\pgfplotsmatrix.code.tex)
(C:\Users\pablo\AppData\Local\Programs\MiKTeX2\tex/generic/pgfplots/numtable\pg
fplotstableshared.code.tex
\c@pgfplotstable@counta=\count334
\t@pgfplotstable@a=\toks52
)
(C:\Users\pablo\AppData\Local\Programs\MiKTeX2\tex/generic/pgfplots/liststructu
re\pgfplotsdeque.code.tex)
(C:\Users\pablo\AppData\Local\Programs\MiKTeX2\tex/generic/pgfplots/util\pgfplo
tsbinary.code.tex
(C:\Users\pablo\AppData\Local\Programs\MiKTeX2\tex/generic/pgfplots/util\pgfplo
tsbinary.data.code.tex))
(C:\Users\pablo\AppData\Local\Programs\MiKTeX2\tex/generic/pgfplots/util\pgfplo
tsutil.verb.code.tex)
(C:\Users\pablo\AppData\Local\Programs\MiKTeX2\tex/generic/pgfplots/libs\pgflib
rarypgfplots.surfshading.code.tex
\c@pgfplotslibrarysurf@no=\count335

(C:\Users\pablo\AppData\Local\Programs\MiKTeX2\tex/generic/pgfplots/sys\pgflibr
arypgfplots.surfshading.pgfsys-pdftex.def)))
(C:\Users\pablo\AppData\Local\Programs\MiKTeX2\tex/generic/pgfplots/util\pgfplo
tscolormap.code.tex
(C:\Users\pablo\AppData\Local\Programs\MiKTeX2\tex/generic/pgfplots/util\pgfplo
tscolor.code.tex))
(C:\Users\pablo\AppData\Local\Programs\MiKTeX2\tex/generic/pgfplots\pgfplotssta
ckedplots.code.tex)
(C:\Users\pablo\AppData\Local\Programs\MiKTeX2\tex/generic/pgfplots\pgfplotsplo
thandlers.code.tex
(C:\Users\pablo\AppData\Local\Programs\MiKTeX2\tex/generic/pgfplots\pgfplotsmes
hplothandler.code.tex
(C:\Users\pablo\AppData\Local\Programs\MiKTeX2\tex/generic/pgfplots\pgfplotsmes
hplotimage.code.tex)))
(C:\Users\pablo\AppData\Local\Programs\MiKTeX2\tex/generic/pgfplots\pgfplots.sc
aling.code.tex)
(C:\Users\pablo\AppData\Local\Programs\MiKTeX2\tex/generic/pgfplots\pgfplotscoo
rdprocessing.code.tex)
(C:\Users\pablo\AppData\Local\Programs\MiKTeX2\tex/generic/pgfplots\pgfplots.er
rorbars.code.tex)
(C:\Users\pablo\AppData\Local\Programs\MiKTeX2\tex/generic/pgfplots\pgfplots.ma
rkers.code.tex)
(C:\Users\pablo\AppData\Local\Programs\MiKTeX2\tex/generic/pgfplots\pgfplotstic
ks.code.tex)
(C:\Users\pablo\AppData\Local\Programs\MiKTeX2\tex/generic/pgfplots\pgfplots.pa
ths.code.tex)
(C:\Users\pablo\AppData\Local\Programs\MiKTeX2\tex/generic/pgf/frontendlayer/ti
kz/libraries\tikzlibrarydecorations.code.tex
(C:\Users\pablo\AppData\Local\Programs\MiKTeX2\tex/generic/pgf/modules\pgfmodul
edecorations.code.tex
\pgfdecoratedcompleteddistance=\dimen292
\pgfdecoratedremainingdistance=\dimen293
\pgfdecoratedinputsegmentcompleteddistance=\dimen294
\pgfdecoratedinputsegmentremainingdistance=\dimen295
\pgf@decorate@distancetomove=\dimen296
\pgf@decorate@repeatstate=\count336
\pgfdecorationsegmentamplitude=\dimen297
\pgfdecorationsegmentlength=\dimen298
)
\tikz@lib@dec@box=\box97
)
(C:\Users\pablo\AppData\Local\Programs\MiKTeX2\tex/generic/pgf/frontendlayer/ti
kz/libraries\tikzlibrarydecorations.pathmorphing.code.tex
(C:\Users\pablo\AppData\Local\Programs\MiKTeX2\tex/generic/pgf/libraries/decora
tions\pgflibrarydecorations.pathmorphing.code.tex))
(C:\Users\pablo\AppData\Local\Programs\MiKTeX2\tex/generic/pgf/frontendlayer/ti
kz/libraries\tikzlibrarydecorations.pathreplacing.code.tex
(C:\Users\pablo\AppData\Local\Programs\MiKTeX2\tex/generic/pgf/libraries/decora
tions\pgflibrarydecorations.pathreplacing.code.tex))
(C:\Users\pablo\AppData\Local\Programs\MiKTeX2\tex/generic/pgfplots/libs\tikzli
brarypgfplots.contourlua.code.tex)
\pgfplots@numplots=\count337
\pgfplots@xmin@reg=\dimen299
\pgfplots@xmax@reg=\dimen300
\pgfplots@ymin@reg=\dimen301
\pgfplots@ymax@reg=\dimen302
\pgfplots@zmin@reg=\dimen303
\pgfplots@zmax@reg=\dimen304
)
(C:\Users\pablo\AppData\Local\Programs\MiKTeX2\tex/generic/pgf/frontendlayer/ti
kz/libraries\tikzlibraryplotmarks.code.tex
File: tikzlibraryplotmarks.code.tex 2023-01-15 v3.1.10 (3.1.10)

(C:\Users\pablo\AppData\Local\Programs\MiKTeX2\tex/generic/pgf/libraries\pgflib
raryplotmarks.code.tex
File: pgflibraryplotmarks.code.tex 2023-01-15 v3.1.10 (3.1.10)
)))
(C:\Users\pablo\AppData\Local\Programs\MiKTeX2\tex/generic/soul\soul.sty
Package: soul 2023-06-14 v3.1 Permit use of UTF-8 characters in soul (HO)

(C:\Users\pablo\AppData\Local\Programs\MiKTeX2\tex/generic/soul\soul-ori.sty
Package: soul-ori 2023-06-14 v3.1 letterspacing/underlining (mf)
\SOUL@word=\toks53
\SOUL@lasttoken=\toks54
\SOUL@syllable=\toks55
\SOUL@cmds=\toks56
\SOUL@buffer=\toks57
\SOUL@token=\toks58
\SOUL@syllgoal=\dimen305
\SOUL@syllwidth=\dimen306
\SOUL@charkern=\dimen307
\SOUL@hyphkern=\dimen308
\SOUL@dimen=\dimen309
\SOUL@dimeni=\dimen310
\SOUL@minus=\count338
\SOUL@comma=\count339
\SOUL@apo=\count340
\SOUL@grave=\count341
\SOUL@spaceskip=\skip63
\SOUL@ttwidth=\dimen311
\SOUL@uldp=\dimen312
\SOUL@ulht=\dimen313
)
(C:\Users\pablo\AppData\Local\Programs\MiKTeX2\tex/generic/etexcmds\etexcmds.st
y
Package: etexcmds 2019/12/15 v1.7 Avoid name clashes with e-TeX commands (HO)
))
(C:\Users\pablo\AppData\Local\Programs\MiKTeX2\tex/latex/tcolorbox\tcolorbox.st
y
Package: tcolorbox 2024/10/22 version 6.4.1 text color boxes
 (C:\Users\pablo\AppData\Local\Programs\MiKTeX2\tex/latex/tools\verbatim.sty
Package: verbatim 2024-01-22 v1.5x LaTeX2e package for verbatim enhancements
\every@verbatim=\toks59
\verbatim@line=\toks60
\verbatim@in@stream=\read4
)
(C:\Users\pablo\AppData\Local\Programs\MiKTeX2\tex/latex/environ\environ.sty
Package: environ 2014/05/04 v0.3 A new way to define environments

(C:\Users\pablo\AppData\Local\Programs\MiKTeX2\tex/latex/trimspaces\trimspaces.
sty
Package: trimspaces 2009/09/17 v1.1 Trim spaces around a token list
))
\tcb@titlebox=\box98
\tcb@upperbox=\box99
\tcb@lowerbox=\box100
\tcb@phantombox=\box101
\c@tcbbreakpart=\count342
\c@tcblayer=\count343
\c@tcolorbox@number=\count344
\l__tcobox_tmpa_box=\box102
\l__tcobox_tmpa_dim=\dimen314
\tcb@temp=\box103
\tcb@temp=\box104
\tcb@temp=\box105
\tcb@temp=\box106

(C:\Users\pablo\AppData\Local\Programs\MiKTeX2\tex/latex/tcolorbox\tcbraster.co
de.tex
Library (tcolorbox): 'tcbraster.code.tex' version '6.4.1'
\c@tcbrastercolumn=\count345
\c@tcbrasterrow=\count346
\c@tcbrasternum=\count347
\c@tcbraster=\count348
)
(C:\Users\pablo\AppData\Local\Programs\MiKTeX2\tex/latex/tcolorbox\tcbskins.cod
e.tex
Library (tcolorbox): 'tcbskins.code.tex' version '6.4.1'

(C:\Users\pablo\AppData\Local\Programs\MiKTeX2\tex/latex/tikzfill\tikzfill.imag
e.sty
Package: tikzfill.image 2023/08/08 v1.0.1 Image filling library for TikZ

(C:\Users\pablo\AppData\Local\Programs\MiKTeX2\tex/latex/tikzfill\tikzfill-comm
on.sty
Package: tikzfill-common 2023/08/08 v1.0.1 Auxiliary code for tikzfill
)
(C:\Users\pablo\AppData\Local\Programs\MiKTeX2\tex/latex/tikzfill\tikzlibraryfi
ll.image.code.tex
File: tikzlibraryfill.image.code.tex 2023/08/08 v1.0.1 Image filling library
\l__tikzfill_img_box=\box107
))
(C:\Users\pablo\AppData\Local\Programs\MiKTeX2\tex/latex/tcolorbox\tcbskinsjigs
aw.code.tex
Library (tcolorbox): 'tcbskinsjigsaw.code.tex' version '6.4.1'
))
(C:\Users\pablo\AppData\Local\Programs\MiKTeX2\tex/latex/tcolorbox\tcbbreakable
.code.tex
Library (tcolorbox): 'tcbbreakable.code.tex' version '6.4.1'
(C:\Users\pablo\AppData\Local\Programs\MiKTeX2\tex/latex/pdfcol\pdfcol.sty
Package: pdfcol 2022-09-21 v1.7 Handle new color stacks for pdfTeX (HO)
)
Package pdfcol Info: New color stack `tcb@breakable' = 1 on input line 23.
\tcb@testbox=\box108
\tcb@totalupperbox=\box109
\tcb@totallowerbox=\box110
)
(C:\Users\pablo\AppData\Local\Programs\MiKTeX2\tex/latex/tcolorbox\tcbhooks.cod
e.tex
Library (tcolorbox): 'tcbhooks.code.tex' version '6.4.1'
)
(C:\Users\pablo\AppData\Local\Programs\MiKTeX2\tex/latex/tcolorbox\tcbtheorems.
code.tex
Library (tcolorbox): 'tcbtheorems.code.tex' version '6.4.1'
)
(C:\Users\pablo\AppData\Local\Programs\MiKTeX2\tex/latex/tcolorbox\tcbfitting.c
ode.tex
Library (tcolorbox): 'tcbfitting.code.tex' version '6.4.1'
\tcbfitdim=\dimen315
\tcb@lowerfitdim=\dimen316
\tcb@upperfitdim=\dimen317
\tcb@cur@hbadness=\count349
)
(C:\Users\pablo\AppData\Local\Programs\MiKTeX2\tex/latex/tcolorbox\tcblistingsu
tf8.code.tex
Library (tcolorbox): 'tcblistingsutf8.code.tex' version '6.4.1'

(C:\Users\pablo\AppData\Local\Programs\MiKTeX2\tex/latex/tcolorbox\tcblistings.
code.tex
Library (tcolorbox): 'tcblistings.code.tex' version '6.4.1'
(C:\Users\pablo\AppData\Local\Programs\MiKTeX2\tex/latex/listings\listings.sty
\lst@mode=\count350
\lst@gtempboxa=\box111
\lst@token=\toks61
\lst@length=\count351
\lst@currlwidth=\dimen318
\lst@column=\count352
\lst@pos=\count353
\lst@lostspace=\dimen319
\lst@width=\dimen320
\lst@newlines=\count354
\lst@lineno=\count355
\lst@maxwidth=\dimen321

(C:\Users\pablo\AppData\Local\Programs\MiKTeX2\tex/latex/listings\lstpatch.sty
File: lstpatch.sty 2024/09/23 1.10c (Carsten Heinz)
) (C:\Users\pablo\AppData\Local\Programs\MiKTeX2\tex/latex/listings\lstmisc.sty
File: lstmisc.sty 2024/09/23 1.10c (Carsten Heinz)
\c@lstnumber=\count356
\lst@skipnumbers=\count357
\lst@framebox=\box112
) (C:\Users\pablo\AppData\Local\Programs\MiKTeX2\tex/latex/listings\listings.cf
g
File: listings.cfg 2024/09/23 1.10c listings configuration
))
Package: listings 2024/09/23 1.10c (Carsten Heinz)

(C:\Users\pablo\AppData\Local\Programs\MiKTeX2\tex/latex/tcolorbox\tcblistingsc
ore.code.tex
Library (tcolorbox): 'tcblistingscore.code.tex' version '6.4.1'

(C:\Users\pablo\AppData\Local\Programs\MiKTeX2\tex/latex/tcolorbox\tcbprocessin
g.code.tex
Library (tcolorbox): 'tcbprocessing.code.tex' version '6.4.1'
)
\c@tcblisting=\count358
))
(C:\Users\pablo\AppData\Local\Programs\MiKTeX2\tex/latex/listingsutf8\listingsu
tf8.sty
Package: listingsutf8 2019-12-10 v1.5 Allow UTF-8 in listings input (HO)

(C:\Users\pablo\AppData\Local\Programs\MiKTeX2\tex/generic/stringenc\stringenc.
sty
Package: stringenc 2019/11/29 v1.12 Convert strings between diff. encodings (HO
)

(C:\Users\pablo\AppData\Local\Programs\MiKTeX2\tex/generic/pdfescape\pdfescape.
sty
Package: pdfescape 2019/12/09 v1.15 Implements pdfTeX's escape features (HO)
))))
(C:\Users\pablo\AppData\Local\Programs\MiKTeX2\tex/latex/tcolorbox\tcbexternal.
code.tex
Library (tcolorbox): 'tcbexternal.code.tex' version '6.4.1'
)
(C:\Users\pablo\AppData\Local\Programs\MiKTeX2\tex/latex/tcolorbox\tcbmagazine.
code.tex
Library (tcolorbox): 'tcbmagazine.code.tex' version '6.4.1'
)
(C:\Users\pablo\AppData\Local\Programs\MiKTeX2\tex/latex/tcolorbox\tcbvignette.
code.tex
Library (tcolorbox): 'tcbvignette.code.tex' version '6.4.1'

(C:\Users\pablo\AppData\Local\Programs\MiKTeX2\tex/generic/pgf/frontendlayer/ti
kz/libraries\tikzlibraryfadings.code.tex
File: tikzlibraryfadings.code.tex 2023-01-15 v3.1.10 (3.1.10)

(C:\Users\pablo\AppData\Local\Programs\MiKTeX2\tex/generic/pgf/libraries\pgflib
raryfadings.code.tex
File: pgflibraryfadings.code.tex 2023-01-15 v3.1.10 (3.1.10)
)))
(C:\Users\pablo\AppData\Local\Programs\MiKTeX2\tex/latex/tcolorbox\tcbposter.co
de.tex
Library (tcolorbox): 'tcbposter.code.tex' version '6.4.1'
))
(C:\Users\pablo\AppData\Local\Programs\MiKTeX2\tex/latex/booktabs\booktabs.sty
Package: booktabs 2020/01/12 v1.61803398 Publication quality tables
\heavyrulewidth=\dimen322
\lightrulewidth=\dimen323
\cmidrulewidth=\dimen324
\belowrulesep=\dimen325
\belowbottomsep=\dimen326
\aboverulesep=\dimen327
\abovetopsep=\dimen328
\cmidrulesep=\dimen329
\cmidrulekern=\dimen330
\defaultaddspace=\dimen331
\@cmidla=\count359
\@cmidlb=\count360
\@aboverulesep=\dimen332
\@belowrulesep=\dimen333
\@thisruleclass=\count361
\@lastruleclass=\count362
\@thisrulewidth=\dimen334
) (C:\Users\pablo\AppData\Local\Programs\MiKTeX2\tex/latex/tools\longtable.sty
Package: longtable 2024-10-27 v4.22 Multi-page Table package (DPC)
\LTleft=\skip64
\LTright=\skip65
\LTpre=\skip66
\LTpost=\skip67
\LTchunksize=\count363
\LTcapwidth=\dimen335
\LT@head=\box113
\LT@firsthead=\box114
\LT@foot=\box115
\LT@lastfoot=\box116
\LT@gbox=\box117
\LT@cols=\count364
\LT@rows=\count365
\c@LT@tables=\count366
\c@LT@chunks=\count367
\LT@p@ftn=\toks62
)
(C:\Users\pablo\AppData\Local\Programs\MiKTeX2\tex/latex/fancyhdr\fancyhdr.sty
Package: fancyhdr 2025/02/07 v5.2 Extensive control of page headers and footers

\f@nch@headwidth=\skip68
\f@nch@offset@elh=\skip69
\f@nch@offset@erh=\skip70
\f@nch@offset@olh=\skip71
\f@nch@offset@orh=\skip72
\f@nch@offset@elf=\skip73
\f@nch@offset@erf=\skip74
\f@nch@offset@olf=\skip75
\f@nch@offset@orf=\skip76
\f@nch@height=\skip77
\f@nch@footalignment=\skip78
\f@nch@widthL=\skip79
\f@nch@widthC=\skip80
\f@nch@widthR=\skip81
\@temptokenb=\toks63
) (C:\Users\pablo\AppData\Local\Programs\MiKTeX2\tex/latex/titlesec\titlesec.st
y
Package: titlesec 2025/01/04 v2.17 Sectioning titles
\ttl@box=\box118
\beforetitleunit=\skip82
\aftertitleunit=\skip83
\ttl@plus=\dimen336
\ttl@minus=\dimen337
\ttl@toksa=\toks64
\titlewidth=\dimen338
\titlewidthlast=\dimen339
\titlewidthfirst=\dimen340
)
(C:\Users\pablo\AppData\Local\Programs\MiKTeX2\tex/latex/setspace\setspace.sty
Package: setspace 2022/12/04 v6.7b set line spacing
) (C:\Users\pablo\AppData\Local\Programs\MiKTeX2\tex/latex/geometry\geometry.st
y
Package: geometry 2020/01/02 v5.9 Page Geometry
(C:\Users\pablo\AppData\Local\Programs\MiKTeX2\tex/generic/iftex\ifvtex.sty
Package: ifvtex 2019/10/25 v1.7 ifvtex legacy package. Use iftex instead.
)
\Gm@cnth=\count368
\Gm@cntv=\count369
\c@Gm@tempcnt=\count370
\Gm@bindingoffset=\dimen341
\Gm@wd@mp=\dimen342
\Gm@odd@mp=\dimen343
\Gm@even@mp=\dimen344
\Gm@layoutwidth=\dimen345
\Gm@layoutheight=\dimen346
\Gm@layouthoffset=\dimen347
\Gm@layoutvoffset=\dimen348
\Gm@dimlist=\toks65

(C:\Users\pablo\AppData\Local\Programs\MiKTeX2\tex/latex/geometry\geometry.cfg)
) (C:\Users\pablo\AppData\Local\Programs\MiKTeX2\tex/latex/tools\tabularx.sty
Package: tabularx 2023/12/11 v2.12a `tabularx' package (DPC)
\TX@col@width=\dimen349
\TX@old@table=\dimen350
\TX@old@col=\dimen351
\TX@target=\dimen352
\TX@delta=\dimen353
\TX@cols=\count371
\TX@ftn=\toks66
)
(C:\Users\pablo\AppData\Local\Programs\MiKTeX2\tex/latex/ragged2e\ragged2e.sty
Package: ragged2e 2023/06/22 v3.6 ragged2e Package
\CenteringLeftskip=\skip84
\RaggedLeftLeftskip=\skip85
\RaggedRightLeftskip=\skip86
\CenteringRightskip=\skip87
\RaggedLeftRightskip=\skip88
\RaggedRightRightskip=\skip89
\CenteringParfillskip=\skip90
\RaggedLeftParfillskip=\skip91
\RaggedRightParfillskip=\skip92
\JustifyingParfillskip=\skip93
\CenteringParindent=\skip94
\RaggedLeftParindent=\skip95
\RaggedRightParindent=\skip96
\JustifyingParindent=\skip97
) (C:\Users\pablo\AppData\Local\Programs\MiKTeX2\tex/latex/hyperref\hyperref.st
y
Package: hyperref 2024-11-05 v7.01l Hypertext links for LaTeX

(C:\Users\pablo\AppData\Local\Programs\MiKTeX2\tex/latex/kvsetkeys\kvsetkeys.st
y
Package: kvsetkeys 2022-10-05 v1.19 Key value parser (HO)
)
(C:\Users\pablo\AppData\Local\Programs\MiKTeX2\tex/generic/kvdefinekeys\kvdefin
ekeys.sty
Package: kvdefinekeys 2019-12-19 v1.6 Define keys (HO)
)
(C:\Users\pablo\AppData\Local\Programs\MiKTeX2\tex/latex/hycolor\hycolor.sty
Package: hycolor 2020-01-27 v1.10 Color options for hyperref/bookmark (HO)
)
(C:\Users\pablo\AppData\Local\Programs\MiKTeX2\tex/latex/hyperref\nameref.sty
Package: nameref 2023-11-26 v2.56 Cross-referencing by name of section

(C:\Users\pablo\AppData\Local\Programs\MiKTeX2\tex/latex/refcount\refcount.sty
Package: refcount 2019/12/15 v3.6 Data extraction from label references (HO)
)
(C:\Users\pablo\AppData\Local\Programs\MiKTeX2\tex/generic/gettitlestring\getti
tlestring.sty
Package: gettitlestring 2019/12/15 v1.6 Cleanup title references (HO)

(C:\Users\pablo\AppData\Local\Programs\MiKTeX2\tex/latex/kvoptions\kvoptions.st
y
Package: kvoptions 2022-06-15 v3.15 Key value format for package options (HO)
))
\c@section@level=\count372
)
\@linkdim=\dimen354
\Hy@linkcounter=\count373
\Hy@pagecounter=\count374

(C:\Users\pablo\AppData\Local\Programs\MiKTeX2\tex/latex/hyperref\pd1enc.def
File: pd1enc.def 2024-11-05 v7.01l Hyperref: PDFDocEncoding definition (HO)
Now handling font encoding PD1 ...
... no UTF-8 mapping file for font encoding PD1
)
(C:\Users\pablo\AppData\Local\Programs\MiKTeX2\tex/generic/intcalc\intcalc.sty
Package: intcalc 2019/12/15 v1.3 Expandable calculations with integers (HO)
)
\Hy@SavedSpaceFactor=\count375
(C:\Users\pablo\AppData\Local\Programs\MiKTeX2\tex/latex/hyperref\puenc.def
File: puenc.def 2024-11-05 v7.01l Hyperref: PDF Unicode definition (HO)
Now handling font encoding PU ...
... no UTF-8 mapping file for font encoding PU
)
Package hyperref Info: Hyper figures OFF on input line 4157.
Package hyperref Info: Link nesting OFF on input line 4162.
Package hyperref Info: Hyper index ON on input line 4165.
Package hyperref Info: Plain pages OFF on input line 4172.
Package hyperref Info: Backreferencing OFF on input line 4177.
Package hyperref Info: Implicit mode ON; LaTeX internals redefined.
Package hyperref Info: Bookmarks ON on input line 4424.
\c@Hy@tempcnt=\count376

(C:\Users\pablo\AppData\Local\Programs\MiKTeX2\tex/latex/url\url.sty
\Urlmuskip=\muskip18
Package: url 2013/09/16  ver 3.4  Verb mode for urls, etc.
)
LaTeX Info: Redefining \url on input line 4763.
\XeTeXLinkMargin=\dimen355

(C:\Users\pablo\AppData\Local\Programs\MiKTeX2\tex/generic/bitset\bitset.sty
Package: bitset 2019/12/09 v1.3 Handle bit-vector datatype (HO)

(C:\Users\pablo\AppData\Local\Programs\MiKTeX2\tex/generic/bigintcalc\bigintcal
c.sty
Package: bigintcalc 2019/12/15 v1.5 Expandable calculations on big integers (HO
)
))
\Fld@menulength=\count377
\Field@Width=\dimen356
\Fld@charsize=\dimen357
Package hyperref Info: Hyper figures OFF on input line 6042.
Package hyperref Info: Link nesting OFF on input line 6047.
Package hyperref Info: Hyper index ON on input line 6050.
Package hyperref Info: backreferencing OFF on input line 6057.
Package hyperref Info: Link coloring OFF on input line 6062.
Package hyperref Info: Link coloring with OCG OFF on input line 6067.
Package hyperref Info: PDF/A mode OFF on input line 6072.

(C:\Users\pablo\AppData\Local\Programs\MiKTeX2\tex/latex/base\atbegshi-ltx.sty
Package: atbegshi-ltx 2021/01/10 v1.0c Emulation of the original atbegshi
package with kernel methods
)
\Hy@abspage=\count378
\c@Item=\count379
\c@Hfootnote=\count380
)
Package hyperref Info: Driver (autodetected): hpdftex.
 (C:\Users\pablo\AppData\Local\Programs\MiKTeX2\tex/latex/hyperref\hpdftex.def
File: hpdftex.def 2024-11-05 v7.01l Hyperref driver for pdfTeX

(C:\Users\pablo\AppData\Local\Programs\MiKTeX2\tex/latex/base\atveryend-ltx.sty
Package: atveryend-ltx 2020/08/19 v1.0a Emulation of the original atveryend pac
kage
with kernel methods
)
\Fld@listcount=\count381
\c@bookmark@seq@number=\count382

(C:\Users\pablo\AppData\Local\Programs\MiKTeX2\tex/latex/rerunfilecheck\rerunfi
lecheck.sty
Package: rerunfilecheck 2022-07-10 v1.10 Rerun checks for auxiliary files (HO)

(C:\Users\pablo\AppData\Local\Programs\MiKTeX2\tex/generic/uniquecounter\unique
counter.sty
Package: uniquecounter 2019/12/15 v1.4 Provide unlimited unique counter (HO)
)
Package uniquecounter Info: New unique counter `rerunfilecheck' on input line 2
85.
)
\Hy@SectionHShift=\skip98
)
Package hyperref Info: Option `colorlinks' set `true' on input line 70.

(C:\Users\pablo\AppData\Local\Programs\MiKTeX2\tex/latex/biblatex\biblatex.sty
Package: biblatex 2024/03/21 v3.20 programmable bibliographies (PK/MW)

(C:\Users\pablo\AppData\Local\Programs\MiKTeX2\tex/latex/logreq\logreq.sty
Package: logreq 2010/08/04 v1.0 xml request logger
\lrq@indent=\count383

(C:\Users\pablo\AppData\Local\Programs\MiKTeX2\tex/latex/logreq\logreq.def
File: logreq.def 2010/08/04 v1.0 logreq spec v1.0
))
(C:\Users\pablo\AppData\Local\Programs\MiKTeX2\tex/latex/base\ifthen.sty
Package: ifthen 2024/03/16 v1.1e Standard LaTeX ifthen package (DPC)
)
\c@tabx@nest=\count384
\c@listtotal=\count385
\c@listcount=\count386
\c@liststart=\count387
\c@liststop=\count388
\c@citecount=\count389
\c@citetotal=\count390
\c@multicitecount=\count391
\c@multicitetotal=\count392
\c@instcount=\count393
\c@maxnames=\count394
\c@minnames=\count395
\c@maxitems=\count396
\c@minitems=\count397
\c@citecounter=\count398
\c@maxcitecounter=\count399
\c@savedcitecounter=\count400
\c@uniquelist=\count401
\c@uniquename=\count402
\c@refsection=\count403
\c@refsegment=\count404
\c@maxextratitle=\count405
\c@maxextratitleyear=\count406
\c@maxextraname=\count407
\c@maxextradate=\count408
\c@maxextraalpha=\count409
\c@abbrvpenalty=\count410
\c@highnamepenalty=\count411
\c@lownamepenalty=\count412
\c@maxparens=\count413
\c@parenlevel=\count414
\blx@tempcnta=\count415
\blx@tempcntb=\count416
\blx@tempcntc=\count417
\c@blx@maxsection=\count418
\blx@maxsegment@0=\count419
\blx@notetype=\count420
\blx@parenlevel@text=\count421
\blx@parenlevel@foot=\count422
\blx@sectionciteorder@0=\count423
\blx@sectionciteorderinternal@0=\count424
\blx@entrysetcounter=\count425
\blx@biblioinstance=\count426
\labelnumberwidth=\skip99
\labelalphawidth=\skip100
\biblabelsep=\skip101
\bibitemsep=\skip102
\bibnamesep=\skip103
\bibinitsep=\skip104
\bibparsep=\skip105
\bibhang=\skip106
\blx@bcfin=\read5
\blx@bcfout=\write4
\blx@langwohyphens=\language80
\c@mincomprange=\count427
\c@maxcomprange=\count428
\c@mincompwidth=\count429
Package biblatex Info: Trying to load biblatex default data model...
Package biblatex Info: ... file 'blx-dm.def' found.

(C:\Users\pablo\AppData\Local\Programs\MiKTeX2\tex/latex/biblatex\blx-dm.def
File: blx-dm.def 2024/03/21 v3.20 biblatex datamodel (PK/MW)
)
Package biblatex Info: Trying to load biblatex style data model...
Package biblatex Info: ... file 'authoryear.dbx' not found.
Package biblatex Info: Trying to load biblatex custom data model...
Package biblatex Info: ... file 'biblatex-dm.cfg' not found.
\c@afterword=\count430
\c@savedafterword=\count431
\c@annotator=\count432
\c@savedannotator=\count433
\c@author=\count434
\c@savedauthor=\count435
\c@bookauthor=\count436
\c@savedbookauthor=\count437
\c@commentator=\count438
\c@savedcommentator=\count439
\c@editor=\count440
\c@savededitor=\count441
\c@editora=\count442
\c@savededitora=\count443
\c@editorb=\count444
\c@savededitorb=\count445
\c@editorc=\count446
\c@savededitorc=\count447
\c@foreword=\count448
\c@savedforeword=\count449
\c@holder=\count450
\c@savedholder=\count451
\c@introduction=\count452
\c@savedintroduction=\count453
\c@namea=\count454
\c@savednamea=\count455
\c@nameb=\count456
\c@savednameb=\count457
\c@namec=\count458
\c@savednamec=\count459
\c@translator=\count460
\c@savedtranslator=\count461
\c@shortauthor=\count462
\c@savedshortauthor=\count463
\c@shorteditor=\count464
\c@savedshorteditor=\count465
\c@labelname=\count466
\c@savedlabelname=\count467
\c@institution=\count468
\c@savedinstitution=\count469
\c@lista=\count470
\c@savedlista=\count471
\c@listb=\count472
\c@savedlistb=\count473
\c@listc=\count474
\c@savedlistc=\count475
\c@listd=\count476
\c@savedlistd=\count477
\c@liste=\count478
\c@savedliste=\count479
\c@listf=\count480
\c@savedlistf=\count481
\c@location=\count482
\c@savedlocation=\count483
\c@organization=\count484
\c@savedorganization=\count485
\c@origlocation=\count486
\c@savedoriglocation=\count487
\c@origpublisher=\count488
\c@savedorigpublisher=\count489
\c@publisher=\count490
\c@savedpublisher=\count491
\c@language=\count492
\c@savedlanguage=\count493
\c@origlanguage=\count494
\c@savedoriglanguage=\count495
\c@pageref=\count496
\c@savedpageref=\count497
\shorthandwidth=\skip107
\shortjournalwidth=\skip108
\shortserieswidth=\skip109
\shorttitlewidth=\skip110
\shortauthorwidth=\skip111
\shorteditorwidth=\skip112
\locallabelnumberwidth=\skip113
\locallabelalphawidth=\skip114
\localshorthandwidth=\skip115
\localshortjournalwidth=\skip116
\localshortserieswidth=\skip117
\localshorttitlewidth=\skip118
\localshortauthorwidth=\skip119
\localshorteditorwidth=\skip120
Package biblatex Info: Trying to load compatibility code...
Package biblatex Info: ... file 'blx-compat.def' found.

(C:\Users\pablo\AppData\Local\Programs\MiKTeX2\tex/latex/biblatex\blx-compat.de
f
File: blx-compat.def 2024/03/21 v3.20 biblatex compatibility (PK/MW)
)
Package biblatex Info: Trying to load generic definitions...
Package biblatex Info: ... file 'biblatex.def' found.

(C:\Users\pablo\AppData\Local\Programs\MiKTeX2\tex/latex/biblatex\biblatex.def
File: biblatex.def 2024/03/21 v3.20 biblatex compatibility (PK/MW)
\c@textcitecount=\count498
\c@textcitetotal=\count499
\c@textcitemaxnames=\count500
\c@biburlbigbreakpenalty=\count501
\c@biburlbreakpenalty=\count502
\c@biburlnumpenalty=\count503
\c@biburlucpenalty=\count504
\c@biburllcpenalty=\count505
\biburlbigskip=\muskip19
\biburlnumskip=\muskip20
\biburlucskip=\muskip21
\biburllcskip=\muskip22
\c@smartand=\count506
)
Package biblatex Info: Trying to load natbib compatibility...
Package biblatex Info: ... file 'blx-natbib.def' found.

(C:\Users\pablo\AppData\Local\Programs\MiKTeX2\tex/latex/biblatex\blx-natbib.de
f
File: blx-natbib.def 2024/03/21 v3.20 biblatex compatibility (PK/MW)
Package biblatex Info: Delimiter 'nameyeardelim' in context '' already defined,
 overwriting.
)
Package biblatex Info: Trying to load bibliography style 'authoryear'...
Package biblatex Info: ... file 'authoryear.bbx' found.

(C:\Users\pablo\AppData\Local\Programs\MiKTeX2\tex/latex/biblatex/bbx\authoryea
r.bbx
File: authoryear.bbx 2024/03/21 v3.20 biblatex bibliography style (PK/MW)
Package biblatex Info: Trying to load bibliography style 'standard'...
Package biblatex Info: ... file 'standard.bbx' found.

(C:\Users\pablo\AppData\Local\Programs\MiKTeX2\tex/latex/biblatex/bbx\standard.
bbx
File: standard.bbx 2024/03/21 v3.20 biblatex bibliography style (PK/MW)
\c@bbx:relatedcount=\count507
\c@bbx:relatedtotal=\count508
))
Package biblatex Info: Trying to load citation style 'authoryear'...
Package biblatex Info: ... file 'authoryear.cbx' found.

(C:\Users\pablo\AppData\Local\Programs\MiKTeX2\tex/latex/biblatex/cbx\authoryea
r.cbx
File: authoryear.cbx 2024/03/21 v3.20 biblatex citation style (PK/MW)
Package biblatex Info: Redefining '\cite'.
Package biblatex Info: Redefining '\parencite'.
Package biblatex Info: Redefining '\footcite'.
Package biblatex Info: Redefining '\footcitetext'.
Package biblatex Info: Redefining '\smartcite'.
Package biblatex Info: Redefining '\textcite'.
Package biblatex Info: Redefining '\textcites'.
)
Package biblatex Info: Trying to load configuration file...
Package biblatex Info: ... file 'biblatex.cfg' found.

(C:\Users\pablo\AppData\Local\Programs\MiKTeX2\tex/latex/biblatex\biblatex.cfg
File: biblatex.cfg 
)
Package biblatex Info: Input encoding 'utf8' detected.
Package biblatex Info: Document encoding is UTF8 ....
(C:\Users\pablo\AppData\Local\Programs\MiKTeX2\tex/latex/l3kernel\expl3.sty
Package: expl3 2025-01-18 L3 programming layer (loader) 

(C:\Users\pablo\AppData\Local\Programs\MiKTeX2\tex/latex/l3backend\l3backend-pd
ftex.def
File: l3backend-pdftex.def 2024-05-08 L3 backend support: PDF output (pdfTeX)
\l__color_backend_stack_int=\count509
\l__pdf_internal_box=\box119
))
Package biblatex Info: ... and expl3
(biblatex)             2025-01-18 L3 programming layer (loader) 
(biblatex)             is new enough (at least 2020/04/06),
(biblatex)             setting 'casechanger=expl3'.

(C:\Users\pablo\AppData\Local\Programs\MiKTeX2\tex/latex/biblatex\blx-case-expl
3.sty
(C:\Users\pablo\AppData\Local\Programs\MiKTeX2\tex/latex/l3packages/xparse\xpar
se.sty
Package: xparse 2024-08-16 L3 Experimental document command parser
)
Package: blx-case-expl3 2024/03/21 v3.20 expl3 case changing code for biblatex
))
(C:\Users\pablo\AppData\Local\Programs\MiKTeX2\tex/latex/enumitem\enumitem.sty
Package: enumitem 2025/02/06 v3.11 Customized lists
\labelindent=\skip121
\enit@outerparindent=\dimen358
\enit@toks=\toks67
\enit@inbox=\box120
\enit@count@id=\count510
\enitdp@description=\count511
) (C:\Users\pablo\AppData\Local\Programs\MiKTeX2\tex/latex/csquotes\csquotes.st
y
Package: csquotes 2024-04-04 v5.2o context-sensitive quotations (JAW)
\csq@reset=\count512
\csq@gtype=\count513
\csq@glevel=\count514
\csq@qlevel=\count515
\csq@maxlvl=\count516
\csq@tshold=\count517
\csq@ltx@everypar=\toks68
(C:\Users\pablo\AppData\Local\Programs\MiKTeX2\tex/latex/csquotes\csquotes.def
File: csquotes.def 2024-04-04 v5.2o csquotes generic definitions (JAW)
)
Package csquotes Info: Trying to load configuration file 'csquotes.cfg'...
Package csquotes Info: ... configuration file loaded successfully.
(C:\Users\pablo\AppData\Local\Programs\MiKTeX2\tex/latex/csquotes\csquotes.cfg
File: csquotes.cfg 
)) (C:\Users\pablo\AppData\Local\Programs\MiKTeX2\tex/latex/lipsum\lipsum.sty
(C:\Users\pablo\AppData\Local\Programs\MiKTeX2\tex/latex/l3packages/l3keys2e\l3
keys2e.sty
Package: l3keys2e 2024-08-16 LaTeX2e option processing using LaTeX3 keys
)
Package: lipsum 2021-09-20 v2.7 150 paragraphs of Lorem Ipsum dummy text
\g__lipsum_par_int=\count518
\l__lipsum_a_int=\count519
\l__lipsum_b_int=\count520

(C:\Users\pablo\AppData\Local\Programs\MiKTeX2\tex/latex/lipsum\lipsum.ltd.tex)
) (C:\Users\pablo\AppData\Local\Programs\MiKTeX2\tex/latex/mhchem\mhchem.sty
Package: mhchem 2024/01/29 v4.10 for typesetting chemical formulae

(C:\Users\pablo\AppData\Local\Programs\MiKTeX2\tex/latex/chemgreek\chemgreek.st
y
Package: chemgreek 2020/01/16 v1.1a interface for upright Greek letters for use
 in chemistry (CN)
\l__chemgreek_tmpa_int=\count521
\g__chemgreek_tmpa_int=\count522
)
\l__mhchem_ce_distanceFromLastComma_int=\count523
\__mhchem_arrow_extPgfLength_skip=\skip122
\mhchem@minispace@tmp=\skip123
\mhchem@minibackspace@tmp=\skip124
\mhchem@bondwidth=\skip125
\mhchem@bondheight=\skip126
\mhchem@smallbondwidth@tmpA=\skip127
\mhchem@smallbondwidth@tmpB=\skip128
\mhchem@smallbondwidth=\skip129
\mhchem@bondtmp@minussidebearingleft=\skip130
\mhchem@bondtmp@minussidebearingright=\skip131
\l__mhchem_option_version_int=\count524
\mhchem@option@minusmathsidebearingleft=\dimen359
\mhchem@option@minusmathsidebearingright=\dimen360
\mhchem@option@minustextsidebearingleft=\dimen361
\mhchem@option@minustextsidebearingright=\dimen362
)
(C:\Users\pablo\AppData\Local\Programs\MiKTeX2\tex/latex/mdframed\mdframed.sty
Package: mdframed 2013/07/01 1.9b: mdframed

(C:\Users\pablo\AppData\Local\Programs\MiKTeX2\tex/latex/zref\zref-abspage.sty
Package: zref-abspage 2023-09-14 v2.35 Module abspage for zref (HO)

(C:\Users\pablo\AppData\Local\Programs\MiKTeX2\tex/latex/zref\zref-base.sty
Package: zref-base 2023-09-14 v2.35 Module base for zref (HO)

(C:\Users\pablo\AppData\Local\Programs\MiKTeX2\tex/latex/auxhook\auxhook.sty
Package: auxhook 2019-12-17 v1.6 Hooks for auxiliary files (HO)
)
Package zref Info: New property list: main on input line 767.
Package zref Info: New property: default on input line 768.
Package zref Info: New property: page on input line 769.
)
\c@abspage=\count525
Package zref Info: New property: abspage on input line 67.
)
(C:\Users\pablo\AppData\Local\Programs\MiKTeX2\tex/latex/needspace\needspace.st
y
Package: needspace 2010/09/12 v1.3d reserve vertical space
)
\mdf@templength=\skip132
\c@mdf@globalstyle@cnt=\count526
\mdf@skipabove@length=\skip133
\mdf@skipbelow@length=\skip134
\mdf@leftmargin@length=\skip135
\mdf@rightmargin@length=\skip136
\mdf@innerleftmargin@length=\skip137
\mdf@innerrightmargin@length=\skip138
\mdf@innertopmargin@length=\skip139
\mdf@innerbottommargin@length=\skip140
\mdf@splittopskip@length=\skip141
\mdf@splitbottomskip@length=\skip142
\mdf@outermargin@length=\skip143
\mdf@innermargin@length=\skip144
\mdf@linewidth@length=\skip145
\mdf@innerlinewidth@length=\skip146
\mdf@middlelinewidth@length=\skip147
\mdf@outerlinewidth@length=\skip148
\mdf@roundcorner@length=\skip149
\mdf@footenotedistance@length=\skip150
\mdf@userdefinedwidth@length=\skip151
\mdf@needspace@length=\skip152
\mdf@frametitleaboveskip@length=\skip153
\mdf@frametitlebelowskip@length=\skip154
\mdf@frametitlerulewidth@length=\skip155
\mdf@frametitleleftmargin@length=\skip156
\mdf@frametitlerightmargin@length=\skip157
\mdf@shadowsize@length=\skip158
\mdf@extratopheight@length=\skip159
\mdf@subtitleabovelinewidth@length=\skip160
\mdf@subtitlebelowlinewidth@length=\skip161
\mdf@subtitleaboveskip@length=\skip162
\mdf@subtitlebelowskip@length=\skip163
\mdf@subtitleinneraboveskip@length=\skip164
\mdf@subtitleinnerbelowskip@length=\skip165
\mdf@subsubtitleabovelinewidth@length=\skip166
\mdf@subsubtitlebelowlinewidth@length=\skip167
\mdf@subsubtitleaboveskip@length=\skip168
\mdf@subsubtitlebelowskip@length=\skip169
\mdf@subsubtitleinneraboveskip@length=\skip170
\mdf@subsubtitleinnerbelowskip@length=\skip171

(C:\Users\pablo\AppData\Local\Programs\MiKTeX2\tex/latex/mdframed\md-frame-0.md
f
File: md-frame-0.mdf 2013/07/01\ 1.9b: md-frame-0
)
\mdf@frametitlebox=\box121
\mdf@footnotebox=\box122
\mdf@splitbox@one=\box123
\mdf@splitbox@two=\box124
\mdf@splitbox@save=\box125
\mdfsplitboxwidth=\skip172
\mdfsplitboxtotalwidth=\skip173
\mdfsplitboxheight=\skip174
\mdfsplitboxdepth=\skip175
\mdfsplitboxtotalheight=\skip176
\mdfframetitleboxwidth=\skip177
\mdfframetitleboxtotalwidth=\skip178
\mdfframetitleboxheight=\skip179
\mdfframetitleboxdepth=\skip180
\mdfframetitleboxtotalheight=\skip181
\mdffootnoteboxwidth=\skip182
\mdffootnoteboxtotalwidth=\skip183
\mdffootnoteboxheight=\skip184
\mdffootnoteboxdepth=\skip185
\mdffootnoteboxtotalheight=\skip186
\mdftotallinewidth=\skip187
\mdfboundingboxwidth=\skip188
\mdfboundingboxtotalwidth=\skip189
\mdfboundingboxheight=\skip190
\mdfboundingboxdepth=\skip191
\mdfboundingboxtotalheight=\skip192
\mdf@freevspace@length=\skip193
\mdf@horizontalwidthofbox@length=\skip194
\mdf@verticalmarginwhole@length=\skip195
\mdf@horizontalspaceofbox=\skip196
\mdfsubtitleheight=\skip197
\mdfsubsubtitleheight=\skip198
\c@mdfcountframes=\count527

****** mdframed patching \endmdf@trivlist

****** -- success******

\mdf@envdepth=\count528
\c@mdf@env@i=\count529
\c@mdf@env@ii=\count530
\c@mdf@zref@counter=\count531
Package zref Info: New property: mdf@pagevalue on input line 895.
))

Package biblatex Warning: Conflicting options.
(biblatex)                '<namepart>inits' conflicts with 'uniquename=full'.
(biblatex)                Setting 'uniquename=init' on input line 9.

Package csquotes Info: Checking for multilingual support...
Package csquotes Info: ... found 'babel' package.
Package csquotes Info: Adjusting default style.
Package csquotes Info: Redefining alias 'default' -> 'spanish'.
(main.aux
LaTeX Info: Redefining \. on input line 13.
LaTeX Info: Redefining \% on input line 13.
 (capitulos/capitulo2.aux))
\openout1 = `main.aux'.

LaTeX Font Info:    Checking defaults for OML/cmm/m/it on input line 9.
LaTeX Font Info:    ... okay on input line 9.
LaTeX Font Info:    Checking defaults for OMS/cmsy/m/n on input line 9.
LaTeX Font Info:    ... okay on input line 9.
LaTeX Font Info:    Checking defaults for OT1/cmr/m/n on input line 9.
LaTeX Font Info:    ... okay on input line 9.
LaTeX Font Info:    Checking defaults for T1/cmr/m/n on input line 9.
LaTeX Font Info:    ... okay on input line 9.
LaTeX Font Info:    Checking defaults for TS1/cmr/m/n on input line 9.
LaTeX Font Info:    ... okay on input line 9.
LaTeX Font Info:    Checking defaults for OMX/cmex/m/n on input line 9.
LaTeX Font Info:    ... okay on input line 9.
LaTeX Font Info:    Checking defaults for U/cmr/m/n on input line 9.
LaTeX Font Info:    ... okay on input line 9.
LaTeX Font Info:    Checking defaults for PD1/pdf/m/n on input line 9.
LaTeX Font Info:    ... okay on input line 9.
LaTeX Font Info:    Checking defaults for PU/pdf/m/n on input line 9.
LaTeX Font Info:    ... okay on input line 9.
LaTeX Info: Redefining \. on input line 9.
LaTeX Info: Redefining \% on input line 9.

(C:\Users\pablo\AppData\Local\Programs\MiKTeX2\tex/latex/translations/dicts\tra
nslations-basic-dictionary-spanish.trsl
File: translations-basic-dictionary-spanish.trsl (spanish translation file `tra
nslations-basic-dictionary')
)
Package translations Info: loading dictionary `translations-basic-dictionary' f
or `spanish'. on input line 9.

(C:\Users\pablo\AppData\Local\Programs\MiKTeX2\tex/context/base/mkii\supp-pdf.m
kii
[Loading MPS to PDF converter (version 2006.09.02).]
\scratchcounter=\count532
\scratchdimen=\dimen363
\scratchbox=\box126
\nofMPsegments=\count533
\nofMParguments=\count534
\everyMPshowfont=\toks69
\MPscratchCnt=\count535
\MPscratchDim=\dimen364
\MPnumerator=\count536
\makeMPintoPDFobject=\count537
\everyMPtoPDFconversion=\toks70
)
(C:\Users\pablo\AppData\Local\Programs\MiKTeX2\tex/latex/epstopdf-pkg\epstopdf-
base.sty
Package: epstopdf-base 2020-01-24 v2.11 Base part for package epstopdf
Package epstopdf-base Info: Redefining graphics rule for `.eps' on input line 4
85.

(C:\Users\pablo\AppData\Local\Programs\MiKTeX2\tex/latex/00miktex\epstopdf-sys.
cfg
File: epstopdf-sys.cfg 2021/03/18 v2.0 Configuration of epstopdf for MiKTeX
))
Package caption Info: Begin \AtBeginDocument code.
Package caption Info: hyperref package is loaded.
Package caption Info: listings package is loaded.
Package caption Info: longtable package is loaded.

(C:\Users\pablo\AppData\Local\Programs\MiKTeX2\tex/latex/caption\ltcaption.sty
Package: ltcaption 2021/01/08 v1.4c longtable captions (AR)
)
Package caption Info: End \AtBeginDocument code.
Package pgfplots notification 'compat/show suggested version=true': document ha
s been generated with the most recent feature set (\pgfplotsset{compat=1.18}).

\c@lstlisting=\count538
*geometry* driver: auto-detecting
*geometry* detected driver: pdftex
*geometry* verbose mode - [ preamble ] result:
* driver: pdftex
* paper: a4paper
* layout: <same size as paper>
* layoutoffset:(h,v)=(0.0pt,0.0pt)
* modes: twoside 
* h-part:(L,W,R)=(72.26999pt, 452.9679pt, 72.26999pt)
* v-part:(T,H,B)=(72.26999pt, 700.50687pt, 72.26999pt)
* \paperwidth=597.50787pt
* \paperheight=845.04684pt
* \textwidth=452.9679pt
* \textheight=700.50687pt
* \oddsidemargin=0.0pt
* \evensidemargin=0.0pt
* \topmargin=-31.8738pt
* \headheight=12.0pt
* \headsep=19.8738pt
* \topskip=12.0pt
* \footskip=30.0pt
* \marginparwidth=88.0pt
* \marginparsep=7.0pt
* \columnsep=10.0pt
* \skip\footins=10.8pt plus 4.0pt minus 2.0pt
* \hoffset=0.0pt
* \voffset=0.0pt
* \mag=1000
* \@twocolumnfalse
* \@twosidetrue
* \@mparswitchtrue
* \@reversemarginfalse
* (1in=72.27pt=25.4mm, 1cm=28.453pt)

Package hyperref Info: Link coloring ON on input line 9.
(main.out) (main.out)
\@outlinefile=\write5
\openout5 = `main.out'.

Package biblatex Info: Trying to load language 'spanish'...
Package biblatex Info: ... file 'spanish.lbx' found.

(C:\Users\pablo\AppData\Local\Programs\MiKTeX2\tex/latex/biblatex/lbx\spanish.l
bx
File: spanish.lbx 2024/03/21 v3.20 biblatex localization (PK/MW)
)
Package biblatex Info: Input encoding 'utf8' detected.
Package biblatex Info: Automatic encoding selection.
(biblatex)             Assuming data encoding 'utf8'.
\openout4 = `main.bcf'.

Package biblatex Info: Trying to load bibliographic data...
Package biblatex Info: ... file 'main.bbl' found.
 (main.bbl)
Package biblatex Info: Reference section=0 on input line 9.
Package biblatex Info: Reference segment=0 on input line 9.

Package chemgreek Info: Activating mapping `default' on line 9.

LaTeX Font Info:    Trying to load font information for U+msa on input line 14.


(C:\Users\pablo\AppData\Local\Programs\MiKTeX2\tex/latex/amsfonts\umsa.fd
File: umsa.fd 2013/01/14 v3.01 AMS symbols A
)
LaTeX Font Info:    Trying to load font information for U+msb on input line 14.


(C:\Users\pablo\AppData\Local\Programs\MiKTeX2\tex/latex/amsfonts\umsb.fd
File: umsb.fd 2013/01/14 v3.01 AMS symbols B
)

[1



{C:/Users/pablo/AppData/Local/MiKTeX/fonts/map/pdftex/pdftex.map}]

[2

] (main.toc
LaTeX Info: Redefining \sptext on input line 1.
LaTeX Info: Redefining \. on input line 1.
LaTeX Info: Redefining \% on input line 1.

Underfull \vbox (badness 3989) has occurred while \output is active []



[3])
\tf@toc=\write6
\openout6 = `main.toc'.



LaTeX Info: Redefining \. on input line 17.
LaTeX Info: Redefining \% on input line 17.
[4]

[1


]

[2]
\openout2 = `capitulos/capitulo2.aux'.

 (capitulos/capitulo2.tex
Cap\'{\i }tulo 1.


[3


]
<graphics/centraltermica.jpg, id=184, 454.69875pt x 319.94531pt>
File: graphics/centraltermica.jpg Graphic file (type jpg)
<use graphics/centraltermica.jpg>
Package pdftex.def Info: graphics/centraltermica.jpg  used on input line 36.
(pdftex.def)             Requested size: 341.02322pt x 239.95839pt.

Underfull \vbox (badness 4899) has occurred while \output is active []



LaTeX Info: Redefining \. on input line 44.
LaTeX Info: Redefining \% on input line 44.
[4 <./graphics/centraltermica.jpg>]
<graphics/SistemaAbiertoCaldera.jpg, id=192, 193.32225pt x 229.45724pt>
File: graphics/SistemaAbiertoCaldera.jpg Graphic file (type jpg)
<use graphics/SistemaAbiertoCaldera.jpg>
Package pdftex.def Info: graphics/SistemaAbiertoCaldera.jpg  used on input line
 57.
(pdftex.def)             Requested size: 144.99133pt x 172.0925pt.


LaTeX Info: Redefining \. on input line 71.
LaTeX Info: Redefining \% on input line 71.
[5]

LaTeX Info: Redefining \. on input line 97.
LaTeX Info: Redefining \% on input line 97.
[6 <./graphics/SistemaAbiertoCaldera.jpg>]

LaTeX Info: Redefining \. on input line 118.
LaTeX Info: Redefining \% on input line 118.
[7]

LaTeX Info: Redefining \. on input line 142.
LaTeX Info: Redefining \% on input line 142.
[8]

LaTeX Info: Redefining \. on input line 175.
LaTeX Info: Redefining \% on input line 175.
[9]
Underfull \vbox (badness 10000) has occurred while \output is active []



LaTeX Info: Redefining \. on input line 236.
LaTeX Info: Redefining \% on input line 236.
[10]

LaTeX Info: Redefining \. on input line 248.
LaTeX Info: Redefining \% on input line 248.
[11]

LaTeX Info: Redefining \. on input line 273.
LaTeX Info: Redefining \% on input line 273.
[12])

LaTeX Info: Redefining \. on input line 23.
LaTeX Info: Redefining \% on input line 23.
[13]

LaTeX Info: Redefining \. on input line 28.
LaTeX Info: Redefining \% on input line 28.
[14



]
Overfull \hbox (2.83447pt too wide) in paragraph at lines 30--30
[][]\T1/cmr/m/n/12 engel, Y. A. y M. A. Bo-les (2019). \T1/cmr/m/it/12 Ther-mo
dy-na-mics: An En-gi-nee-ring Ap-proach\T1/cmr/m/n/12 . McGraw-
 []



[15

] (main.aux
LaTeX Info: Redefining \sptext on input line 13.
LaTeX Info: Redefining \. on input line 13.
LaTeX Info: Redefining \% on input line 13.
 (capitulos/capitulo2.aux))
 ***********
LaTeX2e <2024-11-01> patch level 2
L3 programming layer <2025-01-18>
 ***********


LaTeX Warning: There were undefined references.


Package rerunfilecheck Warning: File `main.out' has changed.
(rerunfilecheck)                Rerun to get outlines right
(rerunfilecheck)                or use package `bookmark'.

Package rerunfilecheck Info: Checksums for `main.out':
(rerunfilecheck)             Before: 0BF1732CC8FF4510C700A9850E3DB2DF;5008
(rerunfilecheck)             After:  EAA112789EBE8E4A8A4C3D2656DD0D69;2933.

Package biblatex Warning: Please (re)run Biber on the file:
(biblatex)                main
(biblatex)                and rerun LaTeX afterwards.

Package logreq Info: Writing requests to 'main.run.xml'.
\openout1 = `main.run.xml'.

 ) 
Here is how much of TeX's memory you used:
 58846 strings out of 473530
 1385726 string characters out of 5714313
 2431083 words of memory out of 5000000
 81149 multiletter control sequences out of 15000+600000
 577050 words of font info for 80 fonts, out of 8000000 for 9000
 1141 hyphenation exceptions out of 8191
 91i,7n,99p,1199b,2925s stack positions out of 10000i,1000n,20000p,200000b,200000s

pdfTeX warning (dest): name{subsection.1.5.3} has been referenced but does not 
exist, replaced by a fixed one


pdfTeX warning (dest): name{subsection.1.5.2} has been referenced but does not 
exist, replaced by a fixed one


pdfTeX warning (dest): name{subsection.1.5.1} has been referenced but does not 
exist, replaced by a fixed one


pdfTeX warning (dest): name{section.1.5} has been referenced but does not exist
, replaced by a fixed one


pdfTeX warning (dest): name{subsection.1.4.6} has been referenced but does not 
exist, replaced by a fixed one


pdfTeX warning (dest): name{subsection.1.4.5} has been referenced but does not 
exist, replaced by a fixed one


pdfTeX warning (dest): name{subsection.1.4.4} has been referenced but does not 
exist, replaced by a fixed one


pdfTeX warning (dest): name{subsection.1.3.3} has been referenced but does not 
exist, replaced by a fixed one

 <C:\Users\pablo\AppData\Local\MiKTeX\fonts/pk/ljfour/jknappen/ec/dpi600\ecti12
00.pk> <C:\Users\pablo\AppData\Local\MiKTeX\fonts/pk/ljfour/jknappen/ec/dpi600\
ecbx1728.pk> <C:\Users\pablo\AppData\Local\MiKTeX\fonts/pk/ljfour/jknappen/ec/d
pi600\ecsl1200.pk> <C:\Users\pablo\AppData\Local\MiKTeX\fonts/pk/ljfour/jknappe
n/ec/dpi600\ecrm1200.pk> <C:\Users\pablo\AppData\Local\MiKTeX\fonts/pk/ljfour/j
knappen/ec/dpi600\ecbx1200.pk> <C:\Users\pablo\AppData\Local\MiKTeX\fonts/pk/lj
four/jknappen/ec/dpi600\ecbx1440.pk> <C:\Users\pablo\AppData\Local\MiKTeX\fonts
/pk/ljfour/jknappen/ec/dpi600\ecbx2488.pk> <C:\Users\pablo\AppData\Local\MiKTeX
\fonts/pk/ljfour/jknappen/ec/dpi600\eccc1200.pk> <C:\Users\pablo\AppData\Local\
MiKTeX\fonts/pk/ljfour/jknappen/ec/dpi600\ecrm1440.pk> <C:\Users\pablo\AppData\
Local\MiKTeX\fonts/pk/ljfour/jknappen/ec/dpi600\ecrm2074.pk><C:/Users/pablo/App
Data/Local/Programs/MiKTeX2/fonts/type1/public/amsfonts/cm/cmex10.pfb><C:/Users
/pablo/AppData/Local/Programs/MiKTeX2/fonts/type1/public/amsfonts/cm/cmmi12.pfb
><C:/Users/pablo/AppData/Local/Programs/MiKTeX2/fonts/type1/public/amsfonts/cm/
cmmi8.pfb><C:/Users/pablo/AppData/Local/Programs/MiKTeX2/fonts/type1/public/ams
fonts/cm/cmr12.pfb><C:/Users/pablo/AppData/Local/Programs/MiKTeX2/fonts/type1/p
ublic/amsfonts/cm/cmr8.pfb><C:/Users/pablo/AppData/Local/Programs/MiKTeX2/fonts
/type1/public/amsfonts/cm/cmsy10.pfb>
Output written on main.pdf (19 pages, 345364 bytes).
PDF statistics:
 698 PDF objects out of 1000 (max. 8388607)
 80 named destinations out of 1000 (max. 500000)
 327 words of extra memory for PDF output out of 10000 (max. 10000000)

