This is pdfTeX, Version 3.141592653-2.6-1.40.26 (MiKTeX 24.4) (preloaded format=pdflatex 2025.2.25)  21 DEC 2025 13:02
entering extended mode
 restricted \write18 enabled.
 %&-line parsing enabled.
**./Observatorio.tex
(Observatorio.tex
LaTeX2e <2024-11-01> patch level 2
L3 programming layer <2025-01-18>
(C:\Users\pablo\AppData\Local\Programs\MiKTeX2\tex/latex/base\article.cls
Document Class: article 2024/06/29 v1.4n Standard LaTeX document class
(C:\Users\pablo\AppData\Local\Programs\MiKTeX2\tex/latex/base\size12.clo
File: size12.clo 2024/06/29 v1.4n Standard LaTeX file (size option)
)
\c@part=\count196
\c@section=\count197
\c@subsection=\count198
\c@subsubsection=\count199
\c@paragraph=\count266
\c@subparagraph=\count267
\c@figure=\count268
\c@table=\count269
\abovecaptionskip=\skip49
\belowcaptionskip=\skip50
\bibindent=\dimen141
)
(C:\Users\pablo\AppData\Local\Programs\MiKTeX2\tex/latex/base\inputenc.sty
Package: inputenc 2024/02/08 v1.3d Input encoding file
\inpenc@prehook=\toks17
\inpenc@posthook=\toks18
)
(C:\Users\pablo\AppData\Local\Programs\MiKTeX2\tex/generic/babel\babel.sty
Package: babel 2025/02/14 v25.4 The multilingual framework for pdfLaTeX, LuaLaT
eX and XeLaTeX
\babel@savecnt=\count270
\U@D=\dimen142
\l@unhyphenated=\language79

(C:\Users\pablo\AppData\Local\Programs\MiKTeX2\tex/generic/babel\txtbabel.def)
\bbl@readstream=\read2
\bbl@dirlevel=\count271

*************************************
* Local config file bblopts.cfg used
*
(C:\Users\pablo\AppData\Local\Programs\MiKTeX2\tex/latex/arabi\bblopts.cfg
File: bblopts.cfg 2005/09/08 v0.1 add Arabic and Farsi to "declared" options of
 babel
)
(C:\Users\pablo\AppData\Local\Programs\MiKTeX2\tex/latex/babel-spanish\spanish.
ldf
Language: spanish.ldf 2021/05/27 v5.0q Spanish support from the babel system
\es@quottoks=\toks19
\es@quotdepth=\count272
Package babel Info: Making " an active character on input line 570.
Package babel Info: Making . an active character on input line 675.
Package babel Info: Making < an active character on input line 722.
Package babel Info: Making > an active character on input line 722.
))
(C:\Users\pablo\AppData\Local\Programs\MiKTeX2\tex/generic/babel/locale/es\babe
l-spanish.tex
Package babel Info: Importing font and identification data for spanish
(babel)             from babel-es.ini. Reported on input line 11.
)
(C:\Users\pablo\AppData\Local\Programs\MiKTeX2\tex/latex/booktabs\booktabs.sty
Package: booktabs 2020/01/12 v1.61803398 Publication quality tables
\heavyrulewidth=\dimen143
\lightrulewidth=\dimen144
\cmidrulewidth=\dimen145
\belowrulesep=\dimen146
\belowbottomsep=\dimen147
\aboverulesep=\dimen148
\abovetopsep=\dimen149
\cmidrulesep=\dimen150
\cmidrulekern=\dimen151
\defaultaddspace=\dimen152
\@cmidla=\count273
\@cmidlb=\count274
\@aboverulesep=\dimen153
\@belowrulesep=\dimen154
\@thisruleclass=\count275
\@lastruleclass=\count276
\@thisrulewidth=\dimen155
) (C:\Users\pablo\AppData\Local\Programs\MiKTeX2\tex/latex/geometry\geometry.st
y
Package: geometry 2020/01/02 v5.9 Page Geometry
(C:\Users\pablo\AppData\Local\Programs\MiKTeX2\tex/latex/graphics\keyval.sty
Package: keyval 2022/05/29 v1.15 key=value parser (DPC)
\KV@toks@=\toks20
)
(C:\Users\pablo\AppData\Local\Programs\MiKTeX2\tex/generic/iftex\ifvtex.sty
Package: ifvtex 2019/10/25 v1.7 ifvtex legacy package. Use iftex instead.

(C:\Users\pablo\AppData\Local\Programs\MiKTeX2\tex/generic/iftex\iftex.sty
Package: iftex 2024/12/12 v1.0g TeX engine tests
))
\Gm@cnth=\count277
\Gm@cntv=\count278
\c@Gm@tempcnt=\count279
\Gm@bindingoffset=\dimen156
\Gm@wd@mp=\dimen157
\Gm@odd@mp=\dimen158
\Gm@even@mp=\dimen159
\Gm@layoutwidth=\dimen160
\Gm@layoutheight=\dimen161
\Gm@layouthoffset=\dimen162
\Gm@layoutvoffset=\dimen163
\Gm@dimlist=\toks21

(C:\Users\pablo\AppData\Local\Programs\MiKTeX2\tex/latex/geometry\geometry.cfg)
) (C:\Users\pablo\AppData\Local\Programs\MiKTeX2\tex/latex/tools\longtable.sty
Package: longtable 2024-10-27 v4.22 Multi-page Table package (DPC)
\LTleft=\skip51
\LTright=\skip52
\LTpre=\skip53
\LTpost=\skip54
\LTchunksize=\count280
\LTcapwidth=\dimen164
\LT@head=\box52
\LT@firsthead=\box53
\LT@foot=\box54
\LT@lastfoot=\box55
\LT@gbox=\box56
\LT@cols=\count281
\LT@rows=\count282
\c@LT@tables=\count283
\c@LT@chunks=\count284
\LT@p@ftn=\toks22
) (C:\Users\pablo\AppData\Local\Programs\MiKTeX2\tex/latex/amsmath\amsmath.sty
Package: amsmath 2024/11/05 v2.17t AMS math features
\@mathmargin=\skip55

For additional information on amsmath, use the `?' option.
(C:\Users\pablo\AppData\Local\Programs\MiKTeX2\tex/latex/amsmath\amstext.sty
Package: amstext 2021/08/26 v2.01 AMS text

(C:\Users\pablo\AppData\Local\Programs\MiKTeX2\tex/latex/amsmath\amsgen.sty
File: amsgen.sty 1999/11/30 v2.0 generic functions
\@emptytoks=\toks23
\ex@=\dimen165
))
(C:\Users\pablo\AppData\Local\Programs\MiKTeX2\tex/latex/amsmath\amsbsy.sty
Package: amsbsy 1999/11/29 v1.2d Bold Symbols
\pmbraise@=\dimen166
)
(C:\Users\pablo\AppData\Local\Programs\MiKTeX2\tex/latex/amsmath\amsopn.sty
Package: amsopn 2022/04/08 v2.04 operator names
)
\inf@bad=\count285
LaTeX Info: Redefining \frac on input line 233.
\uproot@=\count286
\leftroot@=\count287
LaTeX Info: Redefining \overline on input line 398.
LaTeX Info: Redefining \colon on input line 409.
\classnum@=\count288
\DOTSCASE@=\count289
LaTeX Info: Redefining \ldots on input line 495.
LaTeX Info: Redefining \dots on input line 498.
LaTeX Info: Redefining \cdots on input line 619.
\Mathstrutbox@=\box57
\strutbox@=\box58
LaTeX Info: Redefining \big on input line 721.
LaTeX Info: Redefining \Big on input line 722.
LaTeX Info: Redefining \bigg on input line 723.
LaTeX Info: Redefining \Bigg on input line 724.
\big@size=\dimen167
LaTeX Font Info:    Redeclaring font encoding OML on input line 742.
LaTeX Font Info:    Redeclaring font encoding OMS on input line 743.
\macc@depth=\count290
LaTeX Info: Redefining \bmod on input line 904.
LaTeX Info: Redefining \pmod on input line 909.
LaTeX Info: Redefining \smash on input line 939.
LaTeX Info: Redefining \relbar on input line 969.
LaTeX Info: Redefining \Relbar on input line 970.
\c@MaxMatrixCols=\count291
\dotsspace@=\muskip17
\c@parentequation=\count292
\dspbrk@lvl=\count293
\tag@help=\toks24
\row@=\count294
\column@=\count295
\maxfields@=\count296
\andhelp@=\toks25
\eqnshift@=\dimen168
\alignsep@=\dimen169
\tagshift@=\dimen170
\tagwidth@=\dimen171
\totwidth@=\dimen172
\lineht@=\dimen173
\@envbody=\toks26
\multlinegap=\skip56
\multlinetaggap=\skip57
\mathdisplay@stack=\toks27
LaTeX Info: Redefining \[ on input line 2953.
LaTeX Info: Redefining \] on input line 2954.
)
(C:\Users\pablo\AppData\Local\Programs\MiKTeX2\tex/latex/l3backend\l3backend-pd
ftex.def
File: l3backend-pdftex.def 2024-05-08 L3 backend support: PDF output (pdfTeX)
\l__color_backend_stack_int=\count297
\l__pdf_internal_box=\box59
) (Observatorio.aux
LaTeX Info: Redefining \. on input line 18.
LaTeX Info: Redefining \% on input line 18.
)
\openout1 = `Observatorio.aux'.

LaTeX Font Info:    Checking defaults for OML/cmm/m/it on input line 11.
LaTeX Font Info:    ... okay on input line 11.
LaTeX Font Info:    Checking defaults for OMS/cmsy/m/n on input line 11.
LaTeX Font Info:    ... okay on input line 11.
LaTeX Font Info:    Checking defaults for OT1/cmr/m/n on input line 11.
LaTeX Font Info:    ... okay on input line 11.
LaTeX Font Info:    Checking defaults for T1/cmr/m/n on input line 11.
LaTeX Font Info:    ... okay on input line 11.
LaTeX Font Info:    Checking defaults for TS1/cmr/m/n on input line 11.
LaTeX Font Info:    ... okay on input line 11.
LaTeX Font Info:    Checking defaults for OMX/cmex/m/n on input line 11.
LaTeX Font Info:    ... okay on input line 11.
LaTeX Font Info:    Checking defaults for U/cmr/m/n on input line 11.
LaTeX Font Info:    ... okay on input line 11.
LaTeX Info: Redefining \. on input line 11.
LaTeX Info: Redefining \% on input line 11.

*geometry* driver: auto-detecting
*geometry* detected driver: pdftex
*geometry* verbose mode - [ preamble ] result:
* driver: pdftex
* paper: a4paper
* layout: <same size as paper>
* layoutoffset:(h,v)=(0.0pt,0.0pt)
* modes: 
* h-part:(L,W,R)=(72.26999pt, 452.9679pt, 72.26999pt)
* v-part:(T,H,B)=(72.26999pt, 700.50687pt, 72.26999pt)
* \paperwidth=597.50787pt
* \paperheight=845.04684pt
* \textwidth=452.9679pt
* \textheight=700.50687pt
* \oddsidemargin=0.0pt
* \evensidemargin=0.0pt
* \topmargin=-37.0pt
* \headheight=12.0pt
* \headsep=25.0pt
* \topskip=12.0pt
* \footskip=30.0pt
* \marginparwidth=35.0pt
* \marginparsep=10.0pt
* \columnsep=10.0pt
* \skip\footins=10.8pt plus 4.0pt minus 2.0pt
* \hoffset=0.0pt
* \voffset=0.0pt
* \mag=1000
* \@twocolumnfalse
* \@twosidefalse
* \@mparswitchfalse
* \@reversemarginfalse
* (1in=72.27pt=25.4mm, 1cm=28.453pt)


Underfull \hbox (badness 10000) in paragraph at lines 21--21
[]|\OT1/cmr/bx/n/12 Potencia
 []


Underfull \hbox (badness 10000) in paragraph at lines 21--22
[]|\OT1/cmr/bx/n/12 Referencia
 []


Underfull \hbox (badness 3250) in paragraph at lines 23--24
[]|\OT1/cmr/m/n/12 Alta pre-si^^Son /
 []


Underfull \hbox (badness 1072) in paragraph at lines 24--24
[]|\OT1/cmr/m/n/12 C.T. San Mi-guel de
 []


Underfull \hbox (badness 10000) in paragraph at lines 25--26
[]|\OT1/cmr/m/n/12 Polo In-dus-trial
 []


Underfull \hbox (badness 10000) in paragraph at lines 26--26
[]|\OT1/cmr/m/n/12 C.T. Jos^^Se de San
 []


Underfull \hbox (badness 1412) in paragraph at lines 28--29
[]|\OT1/cmr/m/n/12 Efecto de Al-ti-
 []


Underfull \hbox (badness 10000) in paragraph at lines 38--38
[]|\OT1/cmr/bx/n/12 Potencia
 []


Underfull \hbox (badness 10000) in paragraph at lines 38--39
[]|\OT1/cmr/bx/n/12 Referencia
 []


Underfull \hbox (badness 1383) in paragraph at lines 41--42
[]|\OT1/cmr/m/n/12 Hist^^Sori-ca / Di-
 []


Overfull \hbox (4.13248pt too wide) in paragraph at lines 42--43
[]|\OT1/cmr/m/n/12 Multicombustible| 
 []


Underfull \hbox (badness 10000) in paragraph at lines 43--44
[]|\OT1/cmr/m/n/12 Condensaci^^Son
 []


Underfull \hbox (badness 10000) in paragraph at lines 53--53
[]|\OT1/cmr/bx/n/12 Potencia
 []


Underfull \hbox (badness 10000) in paragraph at lines 53--54
[]|\OT1/cmr/bx/n/12 Referencia
 []


Underfull \hbox (badness 10000) in paragraph at lines 55--56
[]|\OT1/cmr/m/n/12 PHWR /
 []



[1

{C:/Users/pablo/AppData/Local/MiKTeX/fonts/map/pdftex/pdftex.map}]

[2]
Overfull \hbox (5.37065pt too wide) in alignment at lines 94--102
 [] [] [] [] [] 
 []



[3] (Observatorio.aux
LaTeX Info: Redefining \. on input line 18.
LaTeX Info: Redefining \% on input line 18.
)
 ***********
LaTeX2e <2024-11-01> patch level 2
L3 programming layer <2025-01-18>
 ***********
 ) 
Here is how much of TeX's memory you used:
 3456 strings out of 473530
 56396 string characters out of 5714313
 481885 words of memory out of 5000000
 26686 multiletter control sequences out of 15000+600000
 564449 words of font info for 55 fonts, out of 8000000 for 9000
 1141 hyphenation exceptions out of 8191
 57i,7n,65p,270b,365s stack positions out of 10000i,1000n,20000p,200000b,200000s
 <C:\Users\pablo\AppData\Local\MiKTeX\fonts/pk/ljfour/jknappen/ec/dpi600\tcrm
1200.pk><C:/Users/pablo/AppData/Local/Programs/MiKTeX2/fonts/type1/public/amsfo
nts/cm/cmbx12.pfb><C:/Users/pablo/AppData/Local/Programs/MiKTeX2/fonts/type1/pu
blic/amsfonts/cm/cmmi12.pfb><C:/Users/pablo/AppData/Local/Programs/MiKTeX2/font
s/type1/public/amsfonts/cm/cmmi8.pfb><C:/Users/pablo/AppData/Local/Programs/MiK
TeX2/fonts/type1/public/amsfonts/cm/cmr12.pfb><C:/Users/pablo/AppData/Local/Pro
grams/MiKTeX2/fonts/type1/public/amsfonts/cm/cmsy10.pfb><C:/Users/pablo/AppData
/Local/Programs/MiKTeX2/fonts/type1/public/amsfonts/cm/cmsy8.pfb><C:/Users/pabl
o/AppData/Local/Programs/MiKTeX2/fonts/type1/public/amsfonts/cm/cmti12.pfb>
Output written on Observatorio.pdf (3 pages, 102004 bytes).
PDF statistics:
 52 PDF objects out of 1000 (max. 8388607)
 0 named destinations out of 1000 (max. 500000)
 1 words of extra memory for PDF output out of 10000 (max. 10000000)

